\BOOKMARK [0][-]{section*.5}{\376\377\004\022\004\062\004\065\004\064\004\065\004\075\004\070\004\065}{}% 1
\BOOKMARK [0][-]{chapter.1}{\376\377\004\020\004\075\004\060\004\073\004\070\004\102\004\070\004\107\004\065\004\101\004\072\004\070\004\071\000\040\004\100\004\060\004\067\004\064\004\065\004\073}{}% 2
\BOOKMARK [1][-]{section.1.1}{\376\377\004\046\004\070\004\104\004\100\004\076\004\062\004\076\004\065\000\040\004\077\004\100\004\065\004\064\004\101\004\102\004\060\004\062\004\073\004\065\004\075\004\070\004\065\000\040\004\060\004\103\004\064\004\070\004\076\000\040\004\101\004\070\004\063\004\075\004\060\004\073\004\076\004\062}{chapter.1}% 3
\BOOKMARK [1][-]{section.1.2}{\376\377\004\041\004\103\004\111\004\065\004\101\004\102\004\062\004\103\004\116\004\111\004\070\004\065\000\040\004\074\004\065\004\102\004\076\004\064\004\113\000\040\004\062\004\113\004\064\004\065\004\073\004\065\004\075\004\070\004\117\000\040\004\070\004\101\004\102\004\076\004\107\004\075\004\070\004\072\004\076\004\062}{chapter.1}% 4
\BOOKMARK [2][-]{subsection.1.2.1}{\376\377\004\034\004\065\004\102\004\076\004\064\000\040\004\063\004\073\004\060\004\062\004\075\004\113\004\105\000\040\004\072\004\076\004\074\004\077\004\076\004\075\004\065\004\075\004\102}{section.1.2}% 5
\BOOKMARK [2][-]{subsection.1.2.2}{\376\377\004\044\004\060\004\072\004\102\004\076\004\100\004\070\004\067\004\060\004\106\004\070\004\117\000\040\004\075\004\065\004\076\004\102\004\100\004\070\004\106\004\060\004\102\004\065\004\073\004\114\004\075\004\113\004\105\000\040\004\074\004\060\004\102\004\100\004\070\004\106}{section.1.2}% 6
\BOOKMARK [2][-]{subsection.1.2.3}{\376\377\004\020\004\064\004\060\004\077\004\102\004\070\004\062\004\075\004\113\004\071\000\040\004\074\004\065\004\102\004\076\004\064\000\040\000F\000A\000S\000S\000T}{section.1.2}% 7
\BOOKMARK [2][-]{subsection.1.2.4}{\376\377\004\034\004\065\004\102\004\076\004\064\004\113\000,\000\040\004\070\004\101\004\077\004\076\004\073\004\114\004\067\004\103\004\116\004\111\004\070\004\065\000\040\004\075\004\065\004\071\004\100\004\076\004\075\004\075\004\113\004\065\000\040\004\101\004\065\004\102\004\070}{section.1.2}% 8
\BOOKMARK [3][-]{subsubsection.1.2.4.1}{\376\377\004\036\004\061\004\111\004\070\004\071\000\040\004\077\004\100\004\070\004\075\004\106\004\070\004\077\000\040\004\100\004\060\004\061\004\076\004\102\004\113\000\040\004\075\004\065\004\071\004\100\004\076\004\075\004\075\004\113\004\071\000\040\004\101\004\065\004\102\004\065\004\071}{subsection.1.2.4}% 9
\BOOKMARK [3][-]{subsubsection.1.2.4.2}{\376\377\004\023\004\073\004\103\004\061\004\070\004\075\004\075\004\113\004\065\000\040\004\075\004\065\004\071\004\100\004\076\004\075\004\075\004\113\004\065\000\040\004\101\004\065\004\102\004\070}{subsection.1.2.4}% 10
\BOOKMARK [3][-]{subsubsection.1.2.4.3}{\376\377\004\041\004\062\004\065\004\100\004\102\004\076\004\107\004\075\004\113\004\065\000\040\004\075\004\065\004\071\004\100\004\076\004\075\004\075\004\113\004\065\000\040\004\101\004\065\004\102\004\070}{subsection.1.2.4}% 11
\BOOKMARK [2][-]{subsection.1.2.5}{\376\377\004\040\004\065\004\072\004\103\004\100\004\065\004\075\004\102\004\075\004\113\004\065\000\040\004\075\004\065\004\071\004\100\004\076\004\075\004\075\004\113\004\065\000\040\004\101\004\065\004\102\004\070}{section.1.2}% 12
\BOOKMARK [1][-]{section.1.3}{\376\377\004\036\004\106\004\065\004\075\004\072\004\060\000\040\004\074\004\065\004\102\004\076\004\064\004\076\004\062\000\040\004\062\004\113\004\064\004\065\004\073\004\065\004\075\004\070\004\117\000\040\004\070\004\101\004\102\004\076\004\107\004\075\004\070\004\072\004\076\004\062}{chapter.1}% 13
\BOOKMARK [1][-]{section.1.4}{\376\377\004\041\004\100\004\060\004\062\004\075\004\065\004\075\004\070\004\065\000\040\004\074\004\065\004\102\004\076\004\064\004\076\004\062}{chapter.1}% 14
\BOOKMARK [1][-]{section.1.5}{\376\377\004\022\004\113\004\062\004\076\004\064}{chapter.1}% 15
\BOOKMARK [0][-]{chapter.2}{\376\377\004\032\004\076\004\075\004\101\004\102\004\100\004\103\004\072\004\102\004\076\004\100\004\101\004\072\004\070\004\071\000\040\004\100\004\060\004\067\004\064\004\065\004\073}{}% 16
\BOOKMARK [1][-]{section.2.1}{\376\377\004\020\004\100\004\105\004\070\004\102\004\065\004\072\004\102\004\103\004\100\004\060\000\040\004\077\004\100\004\076\004\063\004\100\004\060\004\074\004\074\004\075\004\076\004\063\004\076\000\040\004\077\004\100\004\076\004\064\004\103\004\072\004\102\004\060}{chapter.2}% 17
\BOOKMARK [1][-]{section.2.2}{\376\377\004\020\004\073\004\063\004\076\004\100\004\070\004\102\004\074\004\113}{chapter.2}% 18
\BOOKMARK [2][-]{subsection.2.2.1}{\376\377\004\036\004\061\004\100\004\060\004\061\004\076\004\102\004\072\004\060\000\040\004\062\004\105\004\076\004\064\004\075\004\113\004\105\000\040\004\064\004\060\004\075\004\075\004\113\004\105}{section.2.2}% 19
\BOOKMARK [2][-]{subsection.2.2.2}{\376\377\004\023\004\065\004\075\004\065\004\100\004\060\004\106\004\070\004\117\000\040\004\107\004\060\004\101\004\102\004\076\004\102\004\075\004\076\000-\004\062\004\100\004\065\004\074\004\065\004\075\004\075\004\113\004\105\000\040\004\074\004\060\004\101\004\076\004\072}{section.2.2}% 20
\BOOKMARK [2][-]{subsection.2.2.3}{\376\377\004\036\004\077\004\070\004\101\004\060\004\075\004\070\004\065\000\040\004\101\004\065\004\102\004\070}{section.2.2}% 21
\BOOKMARK [3][-]{subsubsection.2.2.3.1}{\376\377\004\036\004\061\004\103\004\107\004\065\004\075\004\070\004\065\000\040\004\075\004\065\004\071\004\100\004\076\004\075\004\075\004\076\004\071\000\040\004\101\004\065\004\102\004\070}{subsection.2.2.3}% 22
\BOOKMARK [2][-]{subsection.2.2.4}{\376\377\004\044\004\076\004\100\004\074\004\070\004\100\004\076\004\062\004\060\004\075\004\070\004\065\000\040\004\062\004\113\004\105\004\076\004\064\004\075\004\113\004\105\000\040\004\064\004\060\004\075\004\075\004\113\004\105}{section.2.2}% 23
\BOOKMARK [1][-]{section.2.3}{\376\377\004\030\004\101\004\077\004\076\004\073\004\114\004\067\004\103\004\065\004\074\004\113\004\065\000\040\004\101\004\102\004\100\004\103\004\072\004\102\004\103\004\100\004\113\000\040\004\064\004\060\004\075\004\075\004\113\004\105}{chapter.2}% 24
\BOOKMARK [1][-]{section.2.4}{\376\377\004\042\004\065\004\101\004\102\004\070\004\100\004\076\004\062\004\060\004\075\004\070\004\065}{chapter.2}% 25
\BOOKMARK [2][-]{subsection.2.4.1}{\376\377\004\042\004\065\004\101\004\102\004\076\004\062\004\113\004\065\000\040\004\064\004\060\004\075\004\075\004\113\004\065}{section.2.4}% 26
\BOOKMARK [0][-]{chapter.3}{\376\377\004\042\004\065\004\105\004\075\004\076\004\073\004\076\004\063\004\070\004\107\004\065\004\101\004\072\004\070\004\071\000\040\004\100\004\060\004\067\004\064\004\065\004\073}{}% 27
\BOOKMARK [1][-]{section.3.1}{\376\377\004\022\004\113\004\061\004\076\004\100\000\040\004\101\004\100\004\065\004\064\004\101\004\102\004\062\000\040\004\100\004\060\004\067\004\100\004\060\004\061\004\076\004\102\004\072\004\070}{chapter.3}% 28
\BOOKMARK [2][-]{subsection.3.1.1}{\376\377\004\022\004\113\004\061\004\076\004\100\000\040\004\117\004\067\004\113\004\072\004\060\000\040\004\077\004\100\004\076\004\063\004\100\004\060\004\074\004\074\004\070\004\100\004\076\004\062\004\060\004\075\004\070\004\117}{section.3.1}% 29
\BOOKMARK [2][-]{subsection.3.1.2}{\376\377\004\022\004\113\004\061\004\076\004\100\000\040\004\101\004\100\004\065\004\064\004\113\000\040\004\077\004\100\004\076\004\063\004\100\004\060\004\074\004\074\004\070\004\100\004\076\004\062\004\060\004\075\004\070\004\117\000\040\004\070\000\040\004\076\004\102\004\073\004\060\004\064\004\072\004\070}{section.3.1}% 30
\BOOKMARK [2][-]{subsection.3.1.3}{\376\377\004\030\004\101\004\077\004\076\004\073\004\114\004\067\004\103\004\065\004\074\004\113\004\065\000\040\004\061\004\070\004\061\004\073\004\070\004\076\004\102\004\065\004\072\004\070}{section.3.1}% 31
\BOOKMARK [1][-]{section.3.2}{\376\377\004\041\004\070\004\101\004\102\004\065\004\074\004\060\000\040\004\072\004\076\004\075\004\102\004\100\004\076\004\073\004\117\000\040\004\062\004\065\004\100\004\101\004\070\004\071}{chapter.3}% 32
\BOOKMARK [1][-]{section.3.3}{\376\377\004\042\004\100\004\065\004\061\004\076\004\062\004\060\004\075\004\070\004\117\000\040\004\072\000\040\004\062\004\113\004\107\004\070\004\101\004\073\004\070\004\102\004\065\004\073\004\114\004\075\004\076\004\071\000\040\004\101\004\070\004\101\004\102\004\065\004\074\004\065}{chapter.3}% 33
\BOOKMARK [1][-]{section.3.4}{\376\377\004\044\004\076\004\100\004\074\004\060\004\102\000\040\004\064\004\060\004\075\004\075\004\113\004\105}{chapter.3}% 34
\BOOKMARK [0][-]{section*.17}{\376\377\004\041\004\077\004\070\004\101\004\076\004\072\000\040\000\040\004\070\004\101\004\077\004\076\004\073\004\114\004\067\004\076\004\062\004\060\004\075\004\075\004\113\004\105\000\040\000\040\004\070\004\101\004\102\004\076\004\107\004\075\004\070\004\072\004\076\004\062}{}% 35
