This is pdfTeX, Version 3.14159265-2.6-1.40.18 (TeX Live 2017/Debian) (preloaded format=pdflatex 2018.5.6)  5 JUN 2018 12:55
entering extended mode
 restricted \write18 enabled.
 %&-line parsing enabled.
**rpz.tex
(./rpz.tex
LaTeX2e <2017-04-15>
Babel <3.18> and hyphenation patterns for 84 language(s) loaded.
(./G7-32.cls
Document Class: G7-32 2003/07/01 v1.0 Non Standard LaTeX document class
(./G2-105.sty
Package: G2-105 2003/07/07 v1.00 General reqs. GOST 2.105-95
 (./GostBase.clo
(/usr/share/texlive/texmf-dist/tex/latex/extsizes/size14.clo
File: size14.clo 1999/11/11 v1.4a NON-Standard LaTeX file (size option)
))
\c@totalpage=\count79
\c@totaltable=\count80
\c@totalfigure=\count81
\c@totalbib=\count82
\GostAfterTitleSkip=\skip41
\GostBetweenTitleSkip=\skip42
\GostBeforTitleSkip=\skip43
\GostBeforNoTitleSkip=\skip44
\GostHTitleSpace=\skip45
\GostTitleIndent=\skip46
\Gost@ChapterIndent=\skip47
\Gost@MainChapterIndent=\skip48
\Gost@TitleDropSkip=\skip49
\c@chapter=\count83
\c@section=\count84
\c@subsection=\count85
\c@subsubsection=\count86
\NirTitleDropSkip=\skip50

(/usr/share/texlive/texmf-dist/tex/generic/iftex/iftex.sty
Package: iftex 2013/04/04 v0.2 Provides if(tex) conditional for PDFTeX, XeTeX, 
and LuaTeX
)
(/usr/share/texlive/texmf-dist/tex/generic/babel/babel.sty
Package: babel 2018/02/14 3.18 The Babel package

(/usr/share/texlive/texmf-dist/tex/generic/babel/switch.def
File: switch.def 2018/02/14 3.18 Babel switching mechanism
)
(/usr/share/texlive/texmf-dist/tex/generic/babel-english/english.ldf
Language: english 2017/06/06 v3.3r English support from the babel system

(/usr/share/texlive/texmf-dist/tex/generic/babel/babel.def
File: babel.def 2018/02/14 3.18 Babel common definitions
\babel@savecnt=\count87
\U@D=\dimen102

(/usr/share/texlive/texmf-dist/tex/generic/babel/txtbabel.def)
\bbl@dirlevel=\count88
)
\l@canadian = a dialect from \language\l@american 
\l@australian = a dialect from \language\l@british 
\l@newzealand = a dialect from \language\l@british 
)
(/usr/share/texlive/texmf-dist/tex/generic/babel-russian/russianb.ldf
Language: russian 2017/08/12 1.3j Russian support for the Babel system


Package babel Warning: No Cyrillic font encoding has been loaded so far.
(babel)                A font encoding should be declared before babel.
(babel)                Default `T2A' encoding will be loaded  on input line 74.


(/usr/share/texlive/texmf-dist/tex/latex/cyrillic/t2aenc.def
File: t2aenc.def 2005/09/27 v1.0i Cyrillic encoding definition file
)
Package babel Info: Making " an active character on input line 120.
Package babel Info: Default for \cyrdash is provided on input line 157.
))
(/usr/share/texlive/texmf-dist/tex/latex/base/fontenc.sty
Package: fontenc 2017/04/05 v2.0i Standard LaTeX package

(/usr/share/texlive/texmf-dist/tex/latex/cyrillic/t2aenc.def
File: t2aenc.def 2005/09/27 v1.0i Cyrillic encoding definition file
LaTeX Font Info:    Redeclaring font encoding T2A on input line 42.
)
LaTeX Font Info:    Try loading font information for T2A+cmr on input line 105.


(/usr/share/texlive/texmf-dist/tex/latex/cyrillic/t2acmr.fd
File: t2acmr.fd 2001/08/11 v1.0a Computer Modern Cyrillic font definitions
))
(/usr/share/texlive/texmf-dist/tex/latex/base/inputenc.sty
Package: inputenc 2015/03/17 v1.2c Input encoding file
\inpenc@prehook=\toks14
\inpenc@posthook=\toks15

(/usr/share/texlive/texmf-dist/tex/latex/ucs/utf8x.def
File: utf8x.def 2004/10/17 UCS: Input encoding UTF-8
))
(/usr/share/texlive/texmf-dist/tex/latex/ucs/ucs.sty
Package: ucs 2013/05/11 v2.2 UCS: Unicode input support

(/usr/share/texlive/texmf-dist/tex/latex/ucs/data/uni-global.def
File: uni-global.def 2013/05/13 UCS: Unicode global data
)
\uc@secondtry=\count89
\uc@combtoks=\toks16
\uc@combtoksb=\toks17
\uc@temptokena=\toks18
)
(/usr/share/texlive/texmf-dist/tex/latex/t2/mathtext.sty
Package: mathtext 1999/01/28 v1.0 transparent text-and-math defs
LaTeX Info: Redefining \halign on input line 111.
)
(/usr/share/texlive/texmf-dist/tex/latex/cmap/cmap.sty
Package: cmap 2008/03/06 v1.0h CMap support: searchable PDF


Package cmap Warning: fontenc already loaded - some fonts may be unprocessed.

) (/usr/share/texlive/texmf-dist/tex/latex/base/flafter.sty
Package: flafter 2017/04/11 v1.4a Standard LaTeX floats after reference (FMi)
Applying: [2015/01/01] float order in 2-column on input line 49.
Already applied: [0000/00/00] float order in 2-column on input line 151.
)
\GostItemGap=\skip51
\GostItemIndent=\skip52
\GostItemNestedIndent=\skip53

(/usr/share/texlive/texmf-dist/tex/latex/amsfonts/amssymb.sty
Package: amssymb 2013/01/14 v3.01 AMS font symbols

(/usr/share/texlive/texmf-dist/tex/latex/amsfonts/amsfonts.sty
Package: amsfonts 2013/01/14 v3.01 Basic AMSFonts support
\@emptytoks=\toks19
\symAMSa=\mathgroup4
\symAMSb=\mathgroup5
LaTeX Font Info:    Overwriting math alphabet `\mathfrak' in version `bold'
(Font)                  U/euf/m/n --> U/euf/b/n on input line 106.
))
(/usr/share/texlive/texmf-dist/tex/latex/amsmath/amsmath.sty
Package: amsmath 2017/09/02 v2.17a AMS math features
\@mathmargin=\skip54

For additional information on amsmath, use the `?' option.
(/usr/share/texlive/texmf-dist/tex/latex/amsmath/amstext.sty
Package: amstext 2000/06/29 v2.01 AMS text

(/usr/share/texlive/texmf-dist/tex/latex/amsmath/amsgen.sty
File: amsgen.sty 1999/11/30 v2.0 generic functions
\@emptytoks=\toks20
\ex@=\dimen103
))
(/usr/share/texlive/texmf-dist/tex/latex/amsmath/amsbsy.sty
Package: amsbsy 1999/11/29 v1.2d Bold Symbols
\pmbraise@=\dimen104
)
(/usr/share/texlive/texmf-dist/tex/latex/amsmath/amsopn.sty
Package: amsopn 2016/03/08 v2.02 operator names
)
\inf@bad=\count90
LaTeX Info: Redefining \frac on input line 213.
\uproot@=\count91
\leftroot@=\count92
LaTeX Info: Redefining \overline on input line 375.
\classnum@=\count93
\DOTSCASE@=\count94
LaTeX Info: Redefining \ldots on input line 472.
LaTeX Info: Redefining \dots on input line 475.
LaTeX Info: Redefining \cdots on input line 596.
\Mathstrutbox@=\box26
\strutbox@=\box27
\big@size=\dimen105
LaTeX Font Info:    Redeclaring font encoding OML on input line 712.
\symOMLletters=\mathgroup6
LaTeX Font Info:    Redeclaring font encoding OMS on input line 713.
\symOMSletters=\mathgroup7
\macc@depth=\count95
\c@MaxMatrixCols=\count96
\dotsspace@=\muskip10
\c@parentequation=\count97
\dspbrk@lvl=\count98
\tag@help=\toks21
\row@=\count99
\column@=\count100
\maxfields@=\count101
\andhelp@=\toks22
\eqnshift@=\dimen106
\alignsep@=\dimen107
\tagshift@=\dimen108
\tagwidth@=\dimen109
\totwidth@=\dimen110
\lineht@=\dimen111
\@envbody=\toks23
\multlinegap=\skip55
\multlinetaggap=\skip56
\mathdisplay@stack=\toks24
LaTeX Info: Redefining \[ on input line 2817.
LaTeX Info: Redefining \] on input line 2818.
)
(/usr/share/texlive/texmf-dist/tex/latex/was/icomma.sty
Package: icomma 2002/03/10 v2.0 (WaS)
)
(/usr/share/texlive/texmf-dist/tex/latex/base/leqno.clo
File: leqno.clo 2016/12/29 v1.2a Standard LaTeX option (left equation numbers)
)
\Gost@EqRemLen=\skip57
\Gost@@EqRemLen=\skip58

(/usr/share/texlive/texmf-dist/tex/latex/caption/caption.sty
Package: caption 2016/02/21 v3.3-144 Customizing captions (AR)

(/usr/share/texlive/texmf-dist/tex/latex/caption/caption3.sty
Package: caption3 2016/05/22 v1.7-166 caption3 kernel (AR)
Package caption3 Info: TeX engine: e-TeX on input line 67.

(/usr/share/texlive/texmf-dist/tex/latex/graphics/keyval.sty
Package: keyval 2014/10/28 v1.15 key=value parser (DPC)
\KV@toks@=\toks25
)
\captionmargin=\dimen112
\captionmargin@=\dimen113
\captionwidth=\dimen114
\caption@tempdima=\dimen115
\caption@indent=\dimen116
\caption@parindent=\dimen117
\caption@hangindent=\dimen118
\abovecaptionskip=\skip59
\belowcaptionskip=\skip60
Package caption Info: Unknown document class (or package),
(caption)             standard defaults will be used.
)

Package caption Warning: Unsupported document class (or package) detected,
(caption)                usage of the caption package is not recommended.
See the caption package documentation for explanation.

Package caption Info: \@makecaption = undefined.
\c@ContinuedFloat=\count102
)
\c@figure=\count103
\c@table=\count104
 (/usr/share/texlive/texmf-dist/tex/latex/tools/longtable.sty
Package: longtable 2014/10/28 v4.11 Multi-page Table package (DPC)
\LTleft=\skip61
\LTright=\skip62
\LTpre=\skip63
\LTpost=\skip64
\LTchunksize=\count105
\LTcapwidth=\dimen119
\LT@head=\box28
\LT@firsthead=\box29
\LT@foot=\box30
\LT@lastfoot=\box31
\LT@cols=\count106
\LT@rows=\count107
\c@LT@tables=\count108
\c@LT@chunks=\count109
\LT@p@ftn=\toks26
)
(/usr/share/texlive/texmf-dist/tex/latex/footmisc/footmisc.sty
Package: footmisc 2011/06/06 v5.5b a miscellany of footnote facilities
\FN@temptoken=\toks27
\footnotemargin=\dimen120
\c@pp@next@reset=\count110
\c@@fnserial=\count111
Package footmisc Info: Declaring symbol style bringhurst on input line 855.
Package footmisc Info: Declaring symbol style chicago on input line 863.
Package footmisc Info: Declaring symbol style wiley on input line 872.
Package footmisc Info: Declaring symbol style lamport-robust on input line 883.

Package footmisc Info: Declaring symbol style lamport* on input line 903.
Package footmisc Info: Declaring symbol style lamport*-robust on input line 924
.
)
\bibindent=\dimen121
)
(/usr/share/texlive/texmf-dist/tex/latex/geometry/geometry.sty
Package: geometry 2010/09/12 v5.6 Page Geometry

(/usr/share/texlive/texmf-dist/tex/generic/oberdiek/ifpdf.sty
Package: ifpdf 2017/03/15 v3.2 Provides the ifpdf switch
)
(/usr/share/texlive/texmf-dist/tex/generic/oberdiek/ifvtex.sty
Package: ifvtex 2016/05/16 v1.6 Detect VTeX and its facilities (HO)
Package ifvtex Info: VTeX not detected.
)
(/usr/share/texlive/texmf-dist/tex/generic/ifxetex/ifxetex.sty
Package: ifxetex 2010/09/12 v0.6 Provides ifxetex conditional
)
\Gm@cnth=\count112
\Gm@cntv=\count113
\c@Gm@tempcnt=\count114
\Gm@bindingoffset=\dimen122
\Gm@wd@mp=\dimen123
\Gm@odd@mp=\dimen124
\Gm@even@mp=\dimen125
\Gm@layoutwidth=\dimen126
\Gm@layoutheight=\dimen127
\Gm@layouthoffset=\dimen128
\Gm@layoutvoffset=\dimen129
\Gm@dimlist=\toks28
) (./G7-32.sty
Package: G7-32 2003/07/07 v1.00 Titles for GOST 7.32-2001
))
\@input{preamble.inc.aux}
\openout2 = `preamble.inc.aux'.

(./preamble.inc.tex
(/usr/share/texlive/texmf-dist/tex/latex/hyperref/hyperref.sty
Package: hyperref 2018/02/06 v6.86b Hypertext links for LaTeX

(/usr/share/texlive/texmf-dist/tex/generic/oberdiek/hobsub-hyperref.sty
Package: hobsub-hyperref 2016/05/16 v1.14 Bundle oberdiek, subset hyperref (HO)


(/usr/share/texlive/texmf-dist/tex/generic/oberdiek/hobsub-generic.sty
Package: hobsub-generic 2016/05/16 v1.14 Bundle oberdiek, subset generic (HO)
Package: hobsub 2016/05/16 v1.14 Construct package bundles (HO)
Package: infwarerr 2016/05/16 v1.4 Providing info/warning/error messages (HO)
Package: ltxcmds 2016/05/16 v1.23 LaTeX kernel commands for general use (HO)
Package: ifluatex 2016/05/16 v1.4 Provides the ifluatex switch (HO)
Package ifluatex Info: LuaTeX not detected.
Package hobsub Info: Skipping package `ifvtex' (already loaded).
Package: intcalc 2016/05/16 v1.2 Expandable calculations with integers (HO)
Package hobsub Info: Skipping package `ifpdf' (already loaded).
Package: etexcmds 2016/05/16 v1.6 Avoid name clashes with e-TeX commands (HO)
Package etexcmds Info: Could not find \expanded.
(etexcmds)             That can mean that you are not using pdfTeX 1.50 or
(etexcmds)             that some package has redefined \expanded.
(etexcmds)             In the latter case, load this package earlier.
Package: kvsetkeys 2016/05/16 v1.17 Key value parser (HO)
Package: kvdefinekeys 2016/05/16 v1.4 Define keys (HO)
Package: pdftexcmds 2018/01/21 v0.26 Utility functions of pdfTeX for LuaTeX (HO
)
Package pdftexcmds Info: LuaTeX not detected.
Package pdftexcmds Info: \pdf@primitive is available.
Package pdftexcmds Info: \pdf@ifprimitive is available.
Package pdftexcmds Info: \pdfdraftmode found.
Package: pdfescape 2016/05/16 v1.14 Implements pdfTeX's escape features (HO)
Package: bigintcalc 2016/05/16 v1.4 Expandable calculations on big integers (HO
)
Package: bitset 2016/05/16 v1.2 Handle bit-vector datatype (HO)
Package: uniquecounter 2016/05/16 v1.3 Provide unlimited unique counter (HO)
)
Package hobsub Info: Skipping package `hobsub' (already loaded).
Package: letltxmacro 2016/05/16 v1.5 Let assignment for LaTeX macros (HO)
Package: hopatch 2016/05/16 v1.3 Wrapper for package hooks (HO)
Package: xcolor-patch 2016/05/16 xcolor patch
Package: atveryend 2016/05/16 v1.9 Hooks at the very end of document (HO)
Package atveryend Info: \enddocument detected (standard20110627).
Package: atbegshi 2016/06/09 v1.18 At begin shipout hook (HO)
Package: refcount 2016/05/16 v3.5 Data extraction from label references (HO)
Package: hycolor 2016/05/16 v1.8 Color options for hyperref/bookmark (HO)
)
(/usr/share/texlive/texmf-dist/tex/latex/oberdiek/auxhook.sty
Package: auxhook 2016/05/16 v1.4 Hooks for auxiliary files (HO)
)
(/usr/share/texlive/texmf-dist/tex/latex/oberdiek/kvoptions.sty
Package: kvoptions 2016/05/16 v3.12 Key value format for package options (HO)
)
\@linkdim=\dimen130
\Hy@linkcounter=\count115
\Hy@pagecounter=\count116

(/usr/share/texlive/texmf-dist/tex/latex/hyperref/pd1enc.def
File: pd1enc.def 2018/02/06 v6.86b Hyperref: PDFDocEncoding definition (HO)
\symPD1letters=\mathgroup8
)
\Hy@SavedSpaceFactor=\count117
Package hyperref Info: Option `unicode' set `true' on input line 3456.

(/usr/share/texlive/texmf-dist/tex/latex/hyperref/puenc.def
File: puenc.def 2018/02/06 v6.86b Hyperref: PDF Unicode definition (HO)
\symPUletters=\mathgroup9
)
(/usr/share/texlive/texmf-dist/tex/latex/latexconfig/hyperref.cfg
File: hyperref.cfg 2002/06/06 v1.2 hyperref configuration of TeXLive
)
Package hyperref Info: Option `bookmarks' set `true' on input line 4383.
Package hyperref Info: Option `colorlinks' set `true' on input line 4383.
Package hyperref Info: Option `unicode' set `true' on input line 4383.
Package hyperref Info: Hyper figures OFF on input line 4509.
Package hyperref Info: Link nesting OFF on input line 4514.
Package hyperref Info: Hyper index ON on input line 4517.
Package hyperref Info: Plain pages OFF on input line 4524.
Package hyperref Info: Backreferencing OFF on input line 4529.
Package hyperref Info: Implicit mode ON; LaTeX internals redefined.
Package hyperref Info: Bookmarks ON on input line 4762.
\c@Hy@tempcnt=\count118

(/usr/share/texlive/texmf-dist/tex/latex/url/url.sty
\Urlmuskip=\muskip11
Package: url 2013/09/16  ver 3.4  Verb mode for urls, etc.
)
LaTeX Info: Redefining \url on input line 5115.
\XeTeXLinkMargin=\dimen131
\Fld@menulength=\count119
\Field@Width=\dimen132
\Fld@charsize=\dimen133
Package hyperref Info: Hyper figures OFF on input line 6369.
Package hyperref Info: Link nesting OFF on input line 6374.
Package hyperref Info: Hyper index ON on input line 6377.
Package hyperref Info: backreferencing OFF on input line 6384.
Package hyperref Info: Link coloring ON on input line 6387.
Package hyperref Info: Link coloring with OCG OFF on input line 6394.
Package hyperref Info: PDF/A mode OFF on input line 6399.
LaTeX Info: Redefining \ref on input line 6439.
LaTeX Info: Redefining \pageref on input line 6443.
\Hy@abspage=\count120
\c@Item=\count121
\c@Hfootnote=\count122
)
Package hyperref Info: Driver (autodetected): hpdftex.

(/usr/share/texlive/texmf-dist/tex/latex/hyperref/hpdftex.def
File: hpdftex.def 2018/02/06 v6.86b Hyperref driver for pdfTeX
\Fld@listcount=\count123
\c@bookmark@seq@number=\count124

(/usr/share/texlive/texmf-dist/tex/latex/oberdiek/rerunfilecheck.sty
Package: rerunfilecheck 2016/05/16 v1.8 Rerun checks for auxiliary files (HO)
Package uniquecounter Info: New unique counter `rerunfilecheck' on input line 2
82.
)
\Hy@SectionHShift=\skip65
)
(/usr/share/texlive/texmf-dist/tex/latex/graphics/graphicx.sty
Package: graphicx 2017/06/01 v1.1a Enhanced LaTeX Graphics (DPC,SPQR)

(/usr/share/texlive/texmf-dist/tex/latex/graphics/graphics.sty
Package: graphics 2017/06/25 v1.2c Standard LaTeX Graphics (DPC,SPQR)

(/usr/share/texlive/texmf-dist/tex/latex/graphics/trig.sty
Package: trig 2016/01/03 v1.10 sin cos tan (DPC)
)
(/usr/share/texlive/texmf-dist/tex/latex/graphics-cfg/graphics.cfg
File: graphics.cfg 2016/06/04 v1.11 sample graphics configuration
)
Package graphics Info: Driver file: pdftex.def on input line 99.

(/usr/share/texlive/texmf-dist/tex/latex/graphics-def/pdftex.def
File: pdftex.def 2018/01/08 v1.0l Graphics/color driver for pdftex
))
\Gin@req@height=\dimen134
\Gin@req@width=\dimen135
)
(/usr/share/texlive/texmf-dist/tex/latex/pgf/frontendlayer/tikz.sty
(/usr/share/texlive/texmf-dist/tex/latex/pgf/basiclayer/pgf.sty
(/usr/share/texlive/texmf-dist/tex/latex/pgf/utilities/pgfrcs.sty
(/usr/share/texlive/texmf-dist/tex/generic/pgf/utilities/pgfutil-common.tex
\pgfutil@everybye=\toks29
\pgfutil@tempdima=\dimen136
\pgfutil@tempdimb=\dimen137

(/usr/share/texlive/texmf-dist/tex/generic/pgf/utilities/pgfutil-common-lists.t
ex)) (/usr/share/texlive/texmf-dist/tex/generic/pgf/utilities/pgfutil-latex.def
\pgfutil@abb=\box32
(/usr/share/texlive/texmf-dist/tex/latex/ms/everyshi.sty
Package: everyshi 2001/05/15 v3.00 EveryShipout Package (MS)
))
(/usr/share/texlive/texmf-dist/tex/generic/pgf/utilities/pgfrcs.code.tex
Package: pgfrcs 2015/08/07 v3.0.1a (rcs-revision 1.31)
))
Package: pgf 2015/08/07 v3.0.1a (rcs-revision 1.15)

(/usr/share/texlive/texmf-dist/tex/latex/pgf/basiclayer/pgfcore.sty
(/usr/share/texlive/texmf-dist/tex/latex/pgf/systemlayer/pgfsys.sty
(/usr/share/texlive/texmf-dist/tex/generic/pgf/systemlayer/pgfsys.code.tex
Package: pgfsys 2014/07/09 v3.0.1a (rcs-revision 1.48)

(/usr/share/texlive/texmf-dist/tex/generic/pgf/utilities/pgfkeys.code.tex
\pgfkeys@pathtoks=\toks30
\pgfkeys@temptoks=\toks31

(/usr/share/texlive/texmf-dist/tex/generic/pgf/utilities/pgfkeysfiltered.code.t
ex
\pgfkeys@tmptoks=\toks32
))
\pgf@x=\dimen138
\pgf@y=\dimen139
\pgf@xa=\dimen140
\pgf@ya=\dimen141
\pgf@xb=\dimen142
\pgf@yb=\dimen143
\pgf@xc=\dimen144
\pgf@yc=\dimen145
\w@pgf@writea=\write3
\r@pgf@reada=\read1
\c@pgf@counta=\count125
\c@pgf@countb=\count126
\c@pgf@countc=\count127
\c@pgf@countd=\count128
\t@pgf@toka=\toks33
\t@pgf@tokb=\toks34
\t@pgf@tokc=\toks35
 (/usr/share/texlive/texmf-dist/tex/generic/pgf/systemlayer/pgf.cfg
File: pgf.cfg 2008/05/14  (rcs-revision 1.7)
)
Driver file for pgf: pgfsys-pdftex.def

(/usr/share/texlive/texmf-dist/tex/generic/pgf/systemlayer/pgfsys-pdftex.def
File: pgfsys-pdftex.def 2014/10/11  (rcs-revision 1.35)

(/usr/share/texlive/texmf-dist/tex/generic/pgf/systemlayer/pgfsys-common-pdf.de
f
File: pgfsys-common-pdf.def 2013/10/10  (rcs-revision 1.13)
)))
(/usr/share/texlive/texmf-dist/tex/generic/pgf/systemlayer/pgfsyssoftpath.code.
tex
File: pgfsyssoftpath.code.tex 2013/09/09  (rcs-revision 1.9)
\pgfsyssoftpath@smallbuffer@items=\count129
\pgfsyssoftpath@bigbuffer@items=\count130
)
(/usr/share/texlive/texmf-dist/tex/generic/pgf/systemlayer/pgfsysprotocol.code.
tex
File: pgfsysprotocol.code.tex 2006/10/16  (rcs-revision 1.4)
)) (/usr/share/texlive/texmf-dist/tex/latex/xcolor/xcolor.sty
Package: xcolor 2016/05/11 v2.12 LaTeX color extensions (UK)

(/usr/share/texlive/texmf-dist/tex/latex/graphics-cfg/color.cfg
File: color.cfg 2016/01/02 v1.6 sample color configuration
)
Package xcolor Info: Driver file: pdftex.def on input line 225.
Package xcolor Info: Model `cmy' substituted by `cmy0' on input line 1348.
Package xcolor Info: Model `hsb' substituted by `rgb' on input line 1352.
Package xcolor Info: Model `RGB' extended on input line 1364.
Package xcolor Info: Model `HTML' substituted by `rgb' on input line 1366.
Package xcolor Info: Model `Hsb' substituted by `hsb' on input line 1367.
Package xcolor Info: Model `tHsb' substituted by `hsb' on input line 1368.
Package xcolor Info: Model `HSB' substituted by `hsb' on input line 1369.
Package xcolor Info: Model `Gray' substituted by `gray' on input line 1370.
Package xcolor Info: Model `wave' substituted by `hsb' on input line 1371.
)
(/usr/share/texlive/texmf-dist/tex/generic/pgf/basiclayer/pgfcore.code.tex
Package: pgfcore 2010/04/11 v3.0.1a (rcs-revision 1.7)

(/usr/share/texlive/texmf-dist/tex/generic/pgf/math/pgfmath.code.tex
(/usr/share/texlive/texmf-dist/tex/generic/pgf/math/pgfmathcalc.code.tex
(/usr/share/texlive/texmf-dist/tex/generic/pgf/math/pgfmathutil.code.tex)
(/usr/share/texlive/texmf-dist/tex/generic/pgf/math/pgfmathparser.code.tex
\pgfmath@dimen=\dimen146
\pgfmath@count=\count131
\pgfmath@box=\box33
\pgfmath@toks=\toks36
\pgfmath@stack@operand=\toks37
\pgfmath@stack@operation=\toks38
)
(/usr/share/texlive/texmf-dist/tex/generic/pgf/math/pgfmathfunctions.code.tex
(/usr/share/texlive/texmf-dist/tex/generic/pgf/math/pgfmathfunctions.basic.code
.tex)
(/usr/share/texlive/texmf-dist/tex/generic/pgf/math/pgfmathfunctions.trigonomet
ric.code.tex)
(/usr/share/texlive/texmf-dist/tex/generic/pgf/math/pgfmathfunctions.random.cod
e.tex)
(/usr/share/texlive/texmf-dist/tex/generic/pgf/math/pgfmathfunctions.comparison
.code.tex)
(/usr/share/texlive/texmf-dist/tex/generic/pgf/math/pgfmathfunctions.base.code.
tex)
(/usr/share/texlive/texmf-dist/tex/generic/pgf/math/pgfmathfunctions.round.code
.tex)
(/usr/share/texlive/texmf-dist/tex/generic/pgf/math/pgfmathfunctions.misc.code.
tex)
(/usr/share/texlive/texmf-dist/tex/generic/pgf/math/pgfmathfunctions.integerari
thmetics.code.tex)))
(/usr/share/texlive/texmf-dist/tex/generic/pgf/math/pgfmathfloat.code.tex
\c@pgfmathroundto@lastzeros=\count132
))
(/usr/share/texlive/texmf-dist/tex/generic/pgf/basiclayer/pgfcorepoints.code.te
x
File: pgfcorepoints.code.tex 2013/10/07  (rcs-revision 1.27)
\pgf@picminx=\dimen147
\pgf@picmaxx=\dimen148
\pgf@picminy=\dimen149
\pgf@picmaxy=\dimen150
\pgf@pathminx=\dimen151
\pgf@pathmaxx=\dimen152
\pgf@pathminy=\dimen153
\pgf@pathmaxy=\dimen154
\pgf@xx=\dimen155
\pgf@xy=\dimen156
\pgf@yx=\dimen157
\pgf@yy=\dimen158
\pgf@zx=\dimen159
\pgf@zy=\dimen160
)
(/usr/share/texlive/texmf-dist/tex/generic/pgf/basiclayer/pgfcorepathconstruct.
code.tex
File: pgfcorepathconstruct.code.tex 2013/10/07  (rcs-revision 1.29)
\pgf@path@lastx=\dimen161
\pgf@path@lasty=\dimen162
)
(/usr/share/texlive/texmf-dist/tex/generic/pgf/basiclayer/pgfcorepathusage.code
.tex
File: pgfcorepathusage.code.tex 2014/11/02  (rcs-revision 1.24)
\pgf@shorten@end@additional=\dimen163
\pgf@shorten@start@additional=\dimen164
)
(/usr/share/texlive/texmf-dist/tex/generic/pgf/basiclayer/pgfcorescopes.code.te
x
File: pgfcorescopes.code.tex 2015/05/08  (rcs-revision 1.46)
\pgfpic=\box34
\pgf@hbox=\box35
\pgf@layerbox@main=\box36
\pgf@picture@serial@count=\count133
)
(/usr/share/texlive/texmf-dist/tex/generic/pgf/basiclayer/pgfcoregraphicstate.c
ode.tex
File: pgfcoregraphicstate.code.tex 2014/11/02  (rcs-revision 1.12)
\pgflinewidth=\dimen165
)
(/usr/share/texlive/texmf-dist/tex/generic/pgf/basiclayer/pgfcoretransformation
s.code.tex
File: pgfcoretransformations.code.tex 2015/08/07  (rcs-revision 1.20)
\pgf@pt@x=\dimen166
\pgf@pt@y=\dimen167
\pgf@pt@temp=\dimen168
)
(/usr/share/texlive/texmf-dist/tex/generic/pgf/basiclayer/pgfcorequick.code.tex
File: pgfcorequick.code.tex 2008/10/09  (rcs-revision 1.3)
)
(/usr/share/texlive/texmf-dist/tex/generic/pgf/basiclayer/pgfcoreobjects.code.t
ex
File: pgfcoreobjects.code.tex 2006/10/11  (rcs-revision 1.2)
)
(/usr/share/texlive/texmf-dist/tex/generic/pgf/basiclayer/pgfcorepathprocessing
.code.tex
File: pgfcorepathprocessing.code.tex 2013/09/09  (rcs-revision 1.9)
)
(/usr/share/texlive/texmf-dist/tex/generic/pgf/basiclayer/pgfcorearrows.code.te
x
File: pgfcorearrows.code.tex 2015/05/14  (rcs-revision 1.43)
\pgfarrowsep=\dimen169
)
(/usr/share/texlive/texmf-dist/tex/generic/pgf/basiclayer/pgfcoreshade.code.tex
File: pgfcoreshade.code.tex 2013/07/15  (rcs-revision 1.15)
\pgf@max=\dimen170
\pgf@sys@shading@range@num=\count134
)
(/usr/share/texlive/texmf-dist/tex/generic/pgf/basiclayer/pgfcoreimage.code.tex
File: pgfcoreimage.code.tex 2013/07/15  (rcs-revision 1.18)

(/usr/share/texlive/texmf-dist/tex/generic/pgf/basiclayer/pgfcoreexternal.code.
tex
File: pgfcoreexternal.code.tex 2014/07/09  (rcs-revision 1.21)
\pgfexternal@startupbox=\box37
))
(/usr/share/texlive/texmf-dist/tex/generic/pgf/basiclayer/pgfcorelayers.code.te
x
File: pgfcorelayers.code.tex 2013/07/18  (rcs-revision 1.7)
)
(/usr/share/texlive/texmf-dist/tex/generic/pgf/basiclayer/pgfcoretransparency.c
ode.tex
File: pgfcoretransparency.code.tex 2013/09/30  (rcs-revision 1.5)
)
(/usr/share/texlive/texmf-dist/tex/generic/pgf/basiclayer/pgfcorepatterns.code.
tex
File: pgfcorepatterns.code.tex 2013/11/07  (rcs-revision 1.5)
)))
(/usr/share/texlive/texmf-dist/tex/generic/pgf/modules/pgfmoduleshapes.code.tex
File: pgfmoduleshapes.code.tex 2014/03/21  (rcs-revision 1.35)
\pgfnodeparttextbox=\box38
) (/usr/share/texlive/texmf-dist/tex/generic/pgf/modules/pgfmoduleplot.code.tex
File: pgfmoduleplot.code.tex 2015/08/03  (rcs-revision 1.13)
)
(/usr/share/texlive/texmf-dist/tex/latex/pgf/compatibility/pgfcomp-version-0-65
.sty
Package: pgfcomp-version-0-65 2007/07/03 v3.0.1a (rcs-revision 1.7)
\pgf@nodesepstart=\dimen171
\pgf@nodesepend=\dimen172
)
(/usr/share/texlive/texmf-dist/tex/latex/pgf/compatibility/pgfcomp-version-1-18
.sty
Package: pgfcomp-version-1-18 2007/07/23 v3.0.1a (rcs-revision 1.1)
)) (/usr/share/texlive/texmf-dist/tex/latex/pgf/utilities/pgffor.sty
(/usr/share/texlive/texmf-dist/tex/latex/pgf/utilities/pgfkeys.sty
(/usr/share/texlive/texmf-dist/tex/generic/pgf/utilities/pgfkeys.code.tex))
(/usr/share/texlive/texmf-dist/tex/latex/pgf/math/pgfmath.sty
(/usr/share/texlive/texmf-dist/tex/generic/pgf/math/pgfmath.code.tex))
(/usr/share/texlive/texmf-dist/tex/generic/pgf/utilities/pgffor.code.tex
Package: pgffor 2013/12/13 v3.0.1a (rcs-revision 1.25)

(/usr/share/texlive/texmf-dist/tex/generic/pgf/math/pgfmath.code.tex)
\pgffor@iter=\dimen173
\pgffor@skip=\dimen174
\pgffor@stack=\toks39
\pgffor@toks=\toks40
))
(/usr/share/texlive/texmf-dist/tex/generic/pgf/frontendlayer/tikz/tikz.code.tex
Package: tikz 2015/08/07 v3.0.1a (rcs-revision 1.151)

(/usr/share/texlive/texmf-dist/tex/generic/pgf/libraries/pgflibraryplothandlers
.code.tex
File: pgflibraryplothandlers.code.tex 2013/08/31 v3.0.1a (rcs-revision 1.20)
\pgf@plot@mark@count=\count135
\pgfplotmarksize=\dimen175
)
\tikz@lastx=\dimen176
\tikz@lasty=\dimen177
\tikz@lastxsaved=\dimen178
\tikz@lastysaved=\dimen179
\tikzleveldistance=\dimen180
\tikzsiblingdistance=\dimen181
\tikz@figbox=\box39
\tikz@figbox@bg=\box40
\tikz@tempbox=\box41
\tikz@tempbox@bg=\box42
\tikztreelevel=\count136
\tikznumberofchildren=\count137
\tikznumberofcurrentchild=\count138
\tikz@fig@count=\count139

(/usr/share/texlive/texmf-dist/tex/generic/pgf/modules/pgfmodulematrix.code.tex
File: pgfmodulematrix.code.tex 2013/09/17  (rcs-revision 1.8)
\pgfmatrixcurrentrow=\count140
\pgfmatrixcurrentcolumn=\count141
\pgf@matrix@numberofcolumns=\count142
)
\tikz@expandcount=\count143

(/usr/share/texlive/texmf-dist/tex/generic/pgf/frontendlayer/tikz/libraries/tik
zlibrarytopaths.code.tex
File: tikzlibrarytopaths.code.tex 2008/06/17 v3.0.1a (rcs-revision 1.2)
)))
(/usr/share/texlive/texmf-dist/tex/generic/pgf/frontendlayer/tikz/libraries/tik
zlibraryarrows.code.tex
File: tikzlibraryarrows.code.tex 2008/01/09 v3.0.1a (rcs-revision 1.1)

(/usr/share/texlive/texmf-dist/tex/generic/pgf/libraries/pgflibraryarrows.code.
tex
File: pgflibraryarrows.code.tex 2013/09/23 v3.0.1a (rcs-revision 1.16)
\arrowsize=\dimen182
))
(/usr/share/texlive/texmf-dist/tex/generic/pgf/frontendlayer/tikz/libraries/tik
zlibrarypositioning.code.tex
File: tikzlibrarypositioning.code.tex 2008/10/06 v3.0.1a (rcs-revision 1.7)
)
(/usr/share/texlive/texmf-dist/tex/generic/pgf/frontendlayer/tikz/libraries/tik
zlibraryshadows.code.tex
File: tikzlibraryshadows.code.tex 2008/01/13 v3.0.1a (rcs-revision 1.3)

(/usr/share/texlive/texmf-dist/tex/generic/pgf/frontendlayer/tikz/libraries/tik
zlibraryfadings.code.tex
File: tikzlibraryfadings.code.tex 2009/11/15 v3.0.1a (rcs-revision 1.2)

(/usr/share/texlive/texmf-dist/tex/generic/pgf/libraries/pgflibraryfadings.code
.tex
File: pgflibraryfadings.code.tex 2008/02/07 v3.0.1a (rcs-revision 1.3)
))) (/usr/share/texlive/texmf-dist/tex/latex/tools/enumerate.sty
Package: enumerate 2015/07/23 v3.00 enumerate extensions (DPC)
\@enLab=\toks41
)
(/usr/share/texlive/texmf-dist/tex/latex/multirow/multirow.sty
Package: multirow 2016/11/25 v2.2 Span multiple rows of a table
\multirow@colwidth=\skip66
\multirow@cntb=\count144
\multirow@dima=\skip67
\bigstrutjot=\dimen183
)
(/usr/share/texlive/texmf-dist/tex/latex/paralist/paralist.sty
Package: paralist 2017/01/22 v2.7 Extended list environments
\pltopsep=\skip68
\plpartopsep=\skip69
\plitemsep=\skip70
\plparsep=\skip71
\pl@lab=\toks42
)
(/usr/share/texlive/texmf-dist/tex/latex/tools/array.sty
Package: array 2016/10/06 v2.4d Tabular extension package (FMi)
\col@sep=\dimen184
\extrarowheight=\dimen185
\NC@list=\toks43
\extratabsurround=\skip72
\backup@length=\skip73
) (./algorithm2e.sty
Package: algorithm2e 2017/07/18 v5.2 algorithms environments
\c@AlgoLine=\count145

(/usr/share/texlive/texmf-dist/tex/latex/base/ifthen.sty
Package: ifthen 2014/09/29 v1.1c Standard LaTeX ifthen package (DPC)
)
\algocf@hangindent=\skip74

(/usr/share/texlive/texmf-dist/tex/latex/ifoddpage/ifoddpage.sty
Package: ifoddpage 2016/04/23 v1.1 Conditionals for odd/even page detection
\c@checkoddpage=\count146
)
(/usr/share/texlive/texmf-dist/tex/latex/tools/xspace.sty
Package: xspace 2014/10/28 v1.13 Space after command names (DPC,MH)
)
(/usr/share/texlive/texmf-dist/tex/latex/relsize/relsize.sty
Package: relsize 2013/03/29 ver 4.1
)
\skiptotal=\skip75
\skiplinenumber=\skip76
\skiprule=\skip77
\skiphlne=\skip78
\skiptext=\skip79
\skiplength=\skip80
\algomargin=\skip81
\skipalgocfslide=\skip82
\algowidth=\dimen186
\inoutsize=\dimen187
\inoutindent=\dimen188
\interspacetitleruled=\dimen189
\interspacealgoruled=\dimen190
\interspacetitleboxruled=\dimen191
\algocf@ruledwidth=\skip83
\algocf@inoutbox=\box43
\algocf@inputbox=\box44
\AlCapSkip=\skip84
\AlCapHSkip=\skip85
\algoskipindent=\skip86
\algocf@nlbox=\box45
\algocf@hangingbox=\box46
\algocf@untilbox=\box47
\algocf@skipuntil=\skip87
\algocf@capbox=\box48
\algocf@lcaptionbox=\skip88
\algoheightruledefault=\skip89
\algoheightrule=\skip90
\algotitleheightruledefault=\skip91
\algotitleheightrule=\skip92
\c@algocfline=\count147
\c@algocfproc=\count148
\c@algocf=\count149
\algocf@algoframe=\box49
\algocf@algobox=\box50
))
\@input{listings.inc.aux}
\openout2 = `listings.inc.aux'.

(./listings.inc.tex
(/usr/share/texlive/texmf-dist/tex/latex/listings/listings.sty
\lst@mode=\count150
\lst@gtempboxa=\box51
\lst@token=\toks44
\lst@length=\count151
\lst@currlwidth=\dimen192
\lst@column=\count152
\lst@pos=\count153
\lst@lostspace=\dimen193
\lst@width=\dimen194
\lst@newlines=\count154
\lst@lineno=\count155
\lst@maxwidth=\dimen195

(/usr/share/texlive/texmf-dist/tex/latex/listings/lstmisc.sty
File: lstmisc.sty 2015/06/04 1.6 (Carsten Heinz)
\c@lstnumber=\count156
\lst@skipnumbers=\count157
\lst@framebox=\box52
)
(/usr/share/texlive/texmf-dist/tex/latex/listings/listings.cfg
File: listings.cfg 2015/06/04 1.6 listings configuration
))
Package: listings 2015/06/04 1.6 (Carsten Heinz)
)
(/usr/share/texlive/texmf-dist/tex/latex/pdfpages/pdfpages.sty
Package: pdfpages 2017/10/31 v0.5l Insert pages of external PDF documents (AM)

(/usr/share/texlive/texmf-dist/tex/latex/tools/calc.sty
Package: calc 2014/10/28 v4.3 Infix arithmetic (KKT,FJ)
\calc@Acount=\count158
\calc@Bcount=\count159
\calc@Adimen=\dimen196
\calc@Bdimen=\dimen197
\calc@Askip=\skip93
\calc@Bskip=\skip94
LaTeX Info: Redefining \setlength on input line 80.
LaTeX Info: Redefining \addtolength on input line 81.
\calc@Ccount=\count160
\calc@Cskip=\skip95
)
(/usr/share/texlive/texmf-dist/tex/latex/eso-pic/eso-pic.sty
Package: eso-pic 2015/07/21 v2.0g eso-pic (RN)
)
\AM@pagewidth=\dimen198
\AM@pageheight=\dimen199

(/usr/share/texlive/texmf-dist/tex/latex/pdfpages/pppdftex.def
File: pppdftex.def 2017/10/31 v0.5l Pdfpages driver for pdfTeX (AM)
)
\AM@pagebox=\box53
\AM@global@opts=\toks45
\AM@toc@title=\toks46
\c@AM@survey=\count161
\AM@templatesizebox=\box54
)
\@input{macros.inc.aux}
\openout2 = `macros.inc.aux'.

(./macros.inc.tex) (./rpz.aux (./00-abstract.aux) (./10-defines.aux)
(./11-abbrev.aux) (./12-intro.aux) (./20-analysis.aux) (./30-design.aux)
(./40-impl.aux) (./50-research.aux) (./80-conclusion.aux) (./81-biblio.aux))
\openout1 = `rpz.aux'.

LaTeX Font Info:    Checking defaults for OML/cmm/m/it on input line 21.
LaTeX Font Info:    ... okay on input line 21.
LaTeX Font Info:    Checking defaults for T1/cmr/m/n on input line 21.
LaTeX Font Info:    ... okay on input line 21.
LaTeX Font Info:    Checking defaults for OT1/cmr/m/n on input line 21.
LaTeX Font Info:    ... okay on input line 21.
LaTeX Font Info:    Checking defaults for OMS/cmsy/m/n on input line 21.
LaTeX Font Info:    ... okay on input line 21.
LaTeX Font Info:    Checking defaults for OMX/cmex/m/n on input line 21.
LaTeX Font Info:    ... okay on input line 21.
LaTeX Font Info:    Checking defaults for U/cmr/m/n on input line 21.
LaTeX Font Info:    ... okay on input line 21.
LaTeX Font Info:    Checking defaults for T2A/cmr/m/n on input line 21.
LaTeX Font Info:    ... okay on input line 21.
LaTeX Font Info:    Checking defaults for PD1/pdf/m/n on input line 21.
LaTeX Font Info:    ... okay on input line 21.
LaTeX Font Info:    Checking defaults for PU/pdf/m/n on input line 21.
LaTeX Font Info:    ... okay on input line 21.

(/usr/share/texlive/texmf-dist/tex/latex/ucs/ucsencs.def
File: ucsencs.def 2011/01/21 Fixes to fontencodings LGR, T3
)
Package caption Info: Begin \AtBeginDocument code.
Package caption Info: hyperref package is loaded.
Package caption Info: listings package is loaded.
Package caption Info: longtable package is loaded.

(/usr/share/texlive/texmf-dist/tex/latex/caption/ltcaption.sty
Package: ltcaption 2013/06/09 v1.4-94 longtable captions (AR)
)
Package caption Info: End \AtBeginDocument code.

*geometry* driver: auto-detecting
*geometry* detected driver: pdftex
*geometry* verbose mode - [ preamble ] result:
* driver: pdftex
* paper: <default>
* layout: <same size as paper>
* layoutoffset:(h,v)=(0.0pt,0.0pt)
* modes: 
* h-part:(L,W,R)=(85.35826pt, 483.69687pt, 28.45274pt)
* v-part:(T,H,B)=(56.9055pt, 725.54529pt, 62.59605pt)
* \paperwidth=597.50787pt
* \paperheight=845.04684pt
* \textwidth=483.69687pt
* \textheight=725.54529pt
* \oddsidemargin=13.08827pt
* \evensidemargin=13.08827pt
* \topmargin=-29.36449pt
* \headheight=14.0pt
* \headsep=0.0pt
* \topskip=14.0pt
* \footskip=30.0pt
* \marginparwidth=15.0pt
* \marginparsep=10.0pt
* \columnsep=10.0pt
* \skip\footins=12.0pt plus 4.0pt minus 2.0pt
* \hoffset=0.0pt
* \voffset=0.0pt
* \mag=1000
* \@twocolumnfalse
* \@twosidefalse
* \@mparswitchfalse
* \@reversemarginfalse
* (1in=72.27pt=25.4mm, 1cm=28.453pt)

\AtBeginShipoutBox=\box55
Package hyperref Info: Link coloring ON on input line 21.
(/usr/share/texlive/texmf-dist/tex/latex/hyperref/nameref.sty
Package: nameref 2016/05/21 v2.44 Cross-referencing by name of section

(/usr/share/texlive/texmf-dist/tex/generic/oberdiek/gettitlestring.sty
Package: gettitlestring 2016/05/16 v1.5 Cleanup title references (HO)
)
\c@section@level=\count162
)
LaTeX Info: Redefining \ref on input line 21.
LaTeX Info: Redefining \pageref on input line 21.
LaTeX Info: Redefining \nameref on input line 21.

(./rpz.out) (./rpz.out)
\@outlinefile=\write4
\openout4 = `rpz.out'.


(/usr/share/texlive/texmf-dist/tex/context/base/mkii/supp-pdf.mkii
[Loading MPS to PDF converter (version 2006.09.02).]
\scratchcounter=\count163
\scratchdimen=\dimen256
\scratchbox=\box56
\nofMPsegments=\count164
\nofMParguments=\count165
\everyMPshowfont=\toks47
\MPscratchCnt=\count166
\MPscratchDim=\dimen257
\MPnumerator=\count167
\makeMPintoPDFobject=\count168
\everyMPtoPDFconversion=\toks48
) (/usr/share/texlive/texmf-dist/tex/latex/oberdiek/epstopdf-base.sty
Package: epstopdf-base 2016/05/15 v2.6 Base part for package epstopdf

(/usr/share/texlive/texmf-dist/tex/latex/oberdiek/grfext.sty
Package: grfext 2016/05/16 v1.2 Manage graphics extensions (HO)
)
Package epstopdf-base Info: Redefining graphics rule for `.eps' on input line 4
38.
Package grfext Info: Graphics extension search list:
(grfext)             [.pdf,.png,.jpg,.mps,.jpeg,.jbig2,.jb2,.PDF,.PNG,.JPG,.JPE
G,.JBIG2,.JB2,.eps]
(grfext)             \AppendGraphicsExtensions on input line 456.

(/usr/share/texlive/texmf-dist/tex/latex/latexconfig/epstopdf-sys.cfg
File: epstopdf-sys.cfg 2010/07/13 v1.3 Configuration of (r)epstopdf for TeX Liv
e
))
ABD: EveryShipout initializing macros
\c@lstlisting=\count169

(/usr/share/texlive/texmf-dist/tex/latex/oberdiek/pdflscape.sty
Package: pdflscape 2016/05/14 v0.11 Display of landscape pages in PDF (HO)

(/usr/share/texlive/texmf-dist/tex/latex/graphics/lscape.sty
Package: lscape 2000/10/22 v3.01 Landscape Pages (DPC)
)
Package pdflscape Info: Auto-detected driver: pdftex on input line 81.
)
<title.pdf, id=232, 597.50786pt x 845.01837pt>
File: title.pdf Graphic file (type pdf)
<use title.pdf>
Package pdftex.def Info: title.pdf  used on input line 23.
(pdftex.def)             Requested size: 597.5064pt x 845.01631pt.
File: title.pdf Graphic file (type pdf)
<use title.pdf>
Package pdftex.def Info: title.pdf  used on input line 23.
(pdftex.def)             Requested size: 597.5064pt x 845.01631pt.
<title.pdf, id=235, page=1, 597.50786pt x 845.01837pt>
File: title.pdf Graphic file (type pdf)
<use title.pdf, page 1>
Package pdftex.def Info: title.pdf , page1 used on input line 23.
(pdftex.def)             Requested size: 597.5064pt x 845.01631pt.
File: title.pdf Graphic file (type pdf)
<use title.pdf, page 1>
Package pdftex.def Info: title.pdf , page1 used on input line 23.
(pdftex.def)             Requested size: 597.53374pt x 845.055pt.
File: title.pdf Graphic file (type pdf)
<use title.pdf, page 1>
Package pdftex.def Info: title.pdf , page1 used on input line 23.
(pdftex.def)             Requested size: 597.53374pt x 845.055pt.
File: title.pdf Graphic file (type pdf)
<use title.pdf, page 1>
Package pdftex.def Info: title.pdf , page1 used on input line 23.
(pdftex.def)             Requested size: 597.53374pt x 845.055pt.
Package babel Info: Redefining russian shorthand "|
(babel)             in language  on input line 23.
Package babel Info: Redefining russian shorthand "~
(babel)             in language  on input line 23.
Package babel Info: Redefining russian shorthand "|
(babel)             in language  on input line 23.
Package babel Info: Redefining russian shorthand "~
(babel)             in language  on input line 23.
File: title.pdf Graphic file (type pdf)
<use title.pdf, page 1>
Package pdftex.def Info: title.pdf , page1 used on input line 23.
(pdftex.def)             Requested size: 597.53374pt x 845.055pt.
 [1



\providecommand \oddpage@label [2]{}
\FN@pp@footnotehinttrue 


\FN@pp@footnotehinttrue 


\FN@pp@footnotehinttrue 

 <./title.pdf>] (/usr/share/texlive/texmf-dist/tex/latex/ucs/data/uni-4.def
File: uni-4.def 2013/05/13 UCS: Unicode data U+0400..U+04FF
)
Package babel Info: Redefining russian shorthand "|
(babel)             in language  on input line 25.
Package babel Info: Redefining russian shorthand "~
(babel)             in language  on input line 25.
Package babel Info: Redefining russian shorthand "|
(babel)             in language  on input line 25.
Package babel Info: Redefining russian shorthand "~
(babel)             in language  on input line 25.

[2{/var/lib/texmf/fonts/map/pdftex/updmap/pdftex.map}]
Package babel Info: Redefining russian shorthand "|
(babel)             in language  on input line 27.
Package babel Info: Redefining russian shorthand "~
(babel)             in language  on input line 27.
Package babel Info: Redefining russian shorthand "|
(babel)             in language  on input line 27.
Package babel Info: Redefining russian shorthand "~
(babel)             in language  on input line 27.
 [3]
Package babel Info: Redefining russian shorthand "|
(babel)             in language  on input line 29.
Package babel Info: Redefining russian shorthand "~
(babel)             in language  on input line 29.
Package babel Info: Redefining russian shorthand "|
(babel)             in language  on input line 29.
Package babel Info: Redefining russian shorthand "~
(babel)             in language  on input line 29.
 [4]
\openout2 = `00-abstract.aux'.


(./00-abstract.tex<<t2a.cmap>>)
Package babel Info: Redefining russian shorthand "|
(babel)             in language  on input line 39.
Package babel Info: Redefining russian shorthand "~
(babel)             in language  on input line 39.
Package babel Info: Redefining russian shorthand "|
(babel)             in language  on input line 39.
Package babel Info: Redefining russian shorthand "~
(babel)             in language  on input line 39.
 [5


] (./rpz.toc<<ot1.cmap>><<oml.cmap>><<oms.cmap>><<omx.cmap>>
LaTeX Font Info:    Try loading font information for U+msa on input line 2.
 (/usr/share/texlive/texmf-dist/tex/latex/amsfonts/umsa.fd
File: umsa.fd 2013/01/14 v3.01 AMS symbols A
)
LaTeX Font Info:    Try loading font information for U+msb on input line 2.

(/usr/share/texlive/texmf-dist/tex/latex/amsfonts/umsb.fd
File: umsb.fd 2013/01/14 v3.01 AMS symbols B
)
LaTeX Font Info:    Try loading font information for OML+cmr on input line 2.

(/usr/share/texlive/texmf-dist/tex/latex/base/omlcmr.fd
File: omlcmr.fd 2014/09/29 v2.5h Standard LaTeX font definitions
)
LaTeX Font Info:    Font shape `OML/cmr/m/n' in size <14.4> not available
(Font)              Font shape `OML/cmm/m/it' tried instead on input line 2.
LaTeX Font Info:    Font shape `OML/cmr/m/n' in size <10> not available
(Font)              Font shape `OML/cmm/m/it' tried instead on input line 2.
LaTeX Font Info:    Font shape `OML/cmr/m/n' in size <7> not available
(Font)              Font shape `OML/cmm/m/it' tried instead on input line 2.
LaTeX Font Info:    Try loading font information for OMS+cmr on input line 2.

(/usr/share/texlive/texmf-dist/tex/latex/base/omscmr.fd
File: omscmr.fd 2014/09/29 v2.5h Standard LaTeX font definitions
)
LaTeX Font Info:    Font shape `OMS/cmr/m/n' in size <14.4> not available
(Font)              Font shape `OMS/cmsy/m/n' tried instead on input line 2.
LaTeX Font Info:    Font shape `OMS/cmr/m/n' in size <10> not available
(Font)              Font shape `OMS/cmsy/m/n' tried instead on input line 2.
LaTeX Font Info:    Font shape `OMS/cmr/m/n' in size <7> not available
(Font)              Font shape `OMS/cmsy/m/n' tried instead on input line 2.
LaTeX Font Info:    Try loading font information for PD1+cmr on input line 2.
LaTeX Font Info:    No file PD1cmr.fd. on input line 2.


LaTeX Font Warning: Font shape `PD1/cmr/m/n' undefined
(Font)              using `PD1/pdf/m/n' instead on input line 2.

LaTeX Font Info:    Try loading font information for PU+cmr on input line 2.
LaTeX Font Info:    No file PUcmr.fd. on input line 2.

LaTeX Font Warning: Font shape `PU/cmr/m/n' undefined
(Font)              using `PU/pdf/m/n' instead on input line 2.

Package babel Info: Redefining russian shorthand "|
(babel)             in language  on input line 34.
Package babel Info: Redefining russian shorthand "~
(babel)             in language  on input line 34.
Package babel Info: Redefining russian shorthand "|
(babel)             in language  on input line 34.
Package babel Info: Redefining russian shorthand "~
(babel)             in language  on input line 34.
[6


])
\tf@toc=\write5
\openout5 = `rpz.toc'.

Package babel Info: Redefining russian shorthand "|
(babel)             in language  on input line 43.
Package babel Info: Redefining russian shorthand "~
(babel)             in language  on input line 43.
Package babel Info: Redefining russian shorthand "|
(babel)             in language  on input line 43.
Package babel Info: Redefining russian shorthand "~
(babel)             in language  on input line 43.
 [7]
\openout2 = `10-defines.aux'.

 (./10-defines.tex
Underfull \hbox (badness 1577) in paragraph at lines 9--10
[]\T2A/cmr/m/n/14.4 физическая ве^^?ли^^?чи^^?на, ха^^?рак^^?те^^?ри^^?сти^^?ка
 пе^^?ри^^?о^^?ди^^?че^^?ско^^?го
 []

(/usr/share/texlive/texmf-dist/tex/latex/ucs/data/uni-0.def
File: uni-0.def 2013/05/13 UCS: Unicode data U+0000..U+00FF
)
Underfull \hbox (badness 2990) in paragraph at lines 12--14
[]\T2A/cmr/m/n/14.4 максимальное зна^^?че^^?ние сме^^?ще^^?ния или из^^?ме^^?не
^^?ния
 []

(/usr/share/texlive/texmf-dist/tex/latex/ucs/data/uni-32.def
File: uni-32.def 2013/05/13 UCS: Unicode data U+2000..U+20FF
)
Package babel Info: Redefining russian shorthand "|
(babel)             in language  on input line 23.
Package babel Info: Redefining russian shorthand "~
(babel)             in language  on input line 23.
Package babel Info: Redefining russian shorthand "|
(babel)             in language  on input line 23.
Package babel Info: Redefining russian shorthand "~
(babel)             in language  on input line 23.
 [8


]
Underfull \hbox (badness 3907) in paragraph at lines 26--27
[]\T2A/cmr/m/n/14.4 электронная или ком^^?
 []

)
Package babel Info: Redefining russian shorthand "|
(babel)             in language  on input line 43.
Package babel Info: Redefining russian shorthand "~
(babel)             in language  on input line 43.
Package babel Info: Redefining russian shorthand "|
(babel)             in language  on input line 43.
Package babel Info: Redefining russian shorthand "~
(babel)             in language  on input line 43.
 [9]
\openout2 = `11-abbrev.aux'.

 (./11-abbrev.tex)
Package babel Info: Redefining russian shorthand "|
(babel)             in language  on input line 44.
Package babel Info: Redefining russian shorthand "~
(babel)             in language  on input line 44.
Package babel Info: Redefining russian shorthand "|
(babel)             in language  on input line 44.
Package babel Info: Redefining russian shorthand "~
(babel)             in language  on input line 44.
 [10



]
\openout2 = `12-intro.aux'.

 (./12-intro.tex
Package babel Info: Redefining russian shorthand "|
(babel)             in language  on input line 1.
Package babel Info: Redefining russian shorthand "~
(babel)             in language  on input line 1.
Package babel Info: Redefining russian shorthand "|
(babel)             in language  on input line 15.
Package babel Info: Redefining russian shorthand "~
(babel)             in language  on input line 15.
Package babel Info: Redefining russian shorthand "|
(babel)             in language  on input line 15.
Package babel Info: Redefining russian shorthand "~
(babel)             in language  on input line 15.
 [11



])
Package babel Info: Redefining russian shorthand "|
(babel)             in language  on input line 46.
Package babel Info: Redefining russian shorthand "~
(babel)             in language  on input line 46.
Package babel Info: Redefining russian shorthand "|
(babel)             in language  on input line 46.
Package babel Info: Redefining russian shorthand "~
(babel)             in language  on input line 46.
 [12]
\openout2 = `20-analysis.aux'.

 (./20-analysis.tex
Package babel Info: Redefining russian shorthand "|
(babel)             in language  on input line 1.
Package babel Info: Redefining russian shorthand "~
(babel)             in language  on input line 1.
Package babel Info: Redefining russian shorthand "|
(babel)             in language  on input line 32.
Package babel Info: Redefining russian shorthand "~
(babel)             in language  on input line 32.
Package babel Info: Redefining russian shorthand "|
(babel)             in language  on input line 32.
Package babel Info: Redefining russian shorthand "~
(babel)             in language  on input line 32.

[13



]

LaTeX Warning: Command \cyrb invalid in math mode on input line 33.

Missing character: There is no б in font cmr12!
Package babel Info: Redefining russian shorthand "|
(babel)             in language  on input line 40.
Package babel Info: Redefining russian shorthand "~
(babel)             in language  on input line 40.
<inc/img/analog-to-bin.png, id=402, 782.925pt x 617.30624pt>
File: inc/img/analog-to-bin.png Graphic file (type png)
<use inc/img/analog-to-bin.png>
Package pdftex.def Info: inc/img/analog-to-bin.png  used on input line 46.
(pdftex.def)             Requested size: 241.84843pt x 190.68477pt.
Package babel Info: Redefining russian shorthand "|
(babel)             in language  on input line 57.
Package babel Info: Redefining russian shorthand "~
(babel)             in language  on input line 57.
Package babel Info: Redefining russian shorthand "|
(babel)             in language  on input line 57.
Package babel Info: Redefining russian shorthand "~
(babel)             in language  on input line 57.
[14]
Underfull \hbox (badness 2150) in paragraph at lines 61--62
[]\T2A/cmr/m/n/14.4 В дан^^?ной ра^^?бо^^?те бу^^?дут ис^^?поль^^?зо^^?вать^^?с
я wav-^^?фай^^?лы (со^^?кра^^?ще^^?ние
 []

Package babel Info: Redefining russian shorthand "|
(babel)             in language  on input line 63.
Package babel Info: Redefining russian shorthand "~
(babel)             in language  on input line 63.
Package babel Info: Redefining russian shorthand "|
(babel)             in language  on input line 74.
Package babel Info: Redefining russian shorthand "~
(babel)             in language  on input line 74.
Package babel Info: Redefining russian shorthand "|
(babel)             in language  on input line 76.
Package babel Info: Redefining russian shorthand "~
(babel)             in language  on input line 76.
Package babel Info: Redefining russian shorthand "|
(babel)             in language  on input line 76.
Package babel Info: Redefining russian shorthand "~
(babel)             in language  on input line 76.
[15]
Package babel Info: Redefining russian shorthand "|
(babel)             in language  on input line 99.
Package babel Info: Redefining russian shorthand "~
(babel)             in language  on input line 99.
Package babel Info: Redefining russian shorthand "|
(babel)             in language  on input line 99.
Package babel Info: Redefining russian shorthand "~
(babel)             in language  on input line 99.
 [16]
Package babel Info: Redefining russian shorthand "|
(babel)             in language  on input line 125.
Package babel Info: Redefining russian shorthand "~
(babel)             in language  on input line 125.
Package babel Info: Redefining russian shorthand "|
(babel)             in language  on input line 130.
Package babel Info: Redefining russian shorthand "~
(babel)             in language  on input line 130.
Package babel Info: Redefining russian shorthand "|
(babel)             in language  on input line 130.
Package babel Info: Redefining russian shorthand "~
(babel)             in language  on input line 130.
 [17]
Package babel Info: Redefining russian shorthand "|
(babel)             in language  on input line 172.
Package babel Info: Redefining russian shorthand "~
(babel)             in language  on input line 172.
Package babel Info: Redefining russian shorthand "|
(babel)             in language  on input line 172.
Package babel Info: Redefining russian shorthand "~
(babel)             in language  on input line 172.
 [18]
Package babel Info: Redefining russian shorthand "|
(babel)             in language  on input line 192.
Package babel Info: Redefining russian shorthand "~
(babel)             in language  on input line 192.

Underfull \hbox (badness 3049) in paragraph at lines 194--195
\T2A/cmr/m/n/14.4 Toolbox) яв^^?ля^^?ют^^?ся мо^^?ди^^?фи^^?ка^^?ци^^?ей ме^^?т
о^^?да фак^^?то^^?ри^^?за^^?ции неот^^?ри^^?ца^^?тель^^?
 []

Package babel Info: Redefining russian shorthand "|
(babel)             in language  on input line 205.
Package babel Info: Redefining russian shorthand "~
(babel)             in language  on input line 205.
Package babel Info: Redefining russian shorthand "|
(babel)             in language  on input line 205.
Package babel Info: Redefining russian shorthand "~
(babel)             in language  on input line 205.
[19]
Package babel Info: Redefining russian shorthand "|
(babel)             in language  on input line 221.
Package babel Info: Redefining russian shorthand "~
(babel)             in language  on input line 221.
Package babel Info: Redefining russian shorthand "|
(babel)             in language  on input line 225.
Package babel Info: Redefining russian shorthand "~
(babel)             in language  on input line 225.
Package babel Info: Redefining russian shorthand "|
(babel)             in language  on input line 228.
Package babel Info: Redefining russian shorthand "~
(babel)             in language  on input line 228.
Package babel Info: Redefining russian shorthand "|
(babel)             in language  on input line 228.
Package babel Info: Redefining russian shorthand "~
(babel)             in language  on input line 228.
 [20]
<inc/img/simple-nn.png, id=490, 907.39pt x 357.335pt>
File: inc/img/simple-nn.png Graphic file (type png)
<use inc/img/simple-nn.png>
Package pdftex.def Info: inc/img/simple-nn.png  used on input line 231.
(pdftex.def)             Requested size: 386.95897pt x 152.38608pt.
<inc/img/th.png, id=492, 845.1575pt x 831.105pt>
File: inc/img/th.png Graphic file (type png)
<use inc/img/th.png>
Package pdftex.def Info: inc/img/th.png  used on input line 258.
(pdftex.def)             Requested size: 241.84843pt x 237.83119pt.
<inc/img/sigmoid.png, id=494, 610.28pt x 613.29124pt>
File: inc/img/sigmoid.png Graphic file (type png)
<use inc/img/sigmoid.png>
Package pdftex.def Info: inc/img/sigmoid.png  used on input line 271.
(pdftex.def)             Requested size: 241.84843pt x 243.03813pt.
Package babel Info: Redefining russian shorthand "|
(babel)             in language  on input line 294.
Package babel Info: Redefining russian shorthand "~
(babel)             in language  on input line 294.
Package babel Info: Redefining russian shorthand "|
(babel)             in language  on input line 294.
Package babel Info: Redefining russian shorthand "~
(babel)             in language  on input line 294.
 [21]
Package babel Info: Redefining russian shorthand "|
(babel)             in language  on input line 294.
Package babel Info: Redefining russian shorthand "~
(babel)             in language  on input line 294.
Package babel Info: Redefining russian shorthand "|
(babel)             in language  on input line 294.
Package babel Info: Redefining russian shorthand "~
(babel)             in language  on input line 294.
 [22 <./inc/img/analog-to-bin.png> <./inc/img/simple-nn.png> <./inc/img/th.png>
]
Package babel Info: Redefining russian shorthand "|
(babel)             in language  on input line 300.
Package babel Info: Redefining russian shorthand "~
(babel)             in language  on input line 300.
<inc/img/dnn.png, id=515, 847.165pt x 422.57875pt>
File: inc/img/dnn.png Graphic file (type png)
<use inc/img/dnn.png>
Package pdftex.def Info: inc/img/dnn.png  used on input line 306.
(pdftex.def)             Requested size: 386.95897pt x 193.02159pt.


LaTeX Warning: Command \cyrg invalid in math mode on input line 311.


LaTeX Warning: Command \cyro invalid in math mode on input line 311.

Missing character: There is no г in font cmr12!
Missing character: There is no о in font cmr12!
Package babel Info: Redefining russian shorthand "|
(babel)             in language  on input line 333.
Package babel Info: Redefining russian shorthand "~
(babel)             in language  on input line 333.
Package babel Info: Redefining russian shorthand "|
(babel)             in language  on input line 333.
Package babel Info: Redefining russian shorthand "~
(babel)             in language  on input line 333.
[23]
Package babel Info: Redefining russian shorthand "|
(babel)             in language  on input line 333.
Package babel Info: Redefining russian shorthand "~
(babel)             in language  on input line 333.
Package babel Info: Redefining russian shorthand "|
(babel)             in language  on input line 333.
Package babel Info: Redefining russian shorthand "~
(babel)             in language  on input line 333.
 [24 <./inc/img/sigmoid.png> <./inc/img/dnn.png>]
<inc/img/DNN-inst.png, id=534, 1533.73pt x 445.665pt>
File: inc/img/DNN-inst.png Graphic file (type png)
<use inc/img/DNN-inst.png>
Package pdftex.def Info: inc/img/DNN-inst.png  used on input line 356.
(pdftex.def)             Requested size: 483.69687pt x 140.54842pt.
Package babel Info: Redefining russian shorthand "|
(babel)             in language  on input line 361.
Package babel Info: Redefining russian shorthand "~
(babel)             in language  on input line 361.
Package babel Info: Redefining russian shorthand "|
(babel)             in language  on input line 364.
Package babel Info: Redefining russian shorthand "~
(babel)             in language  on input line 364.
Package babel Info: Redefining russian shorthand "|
(babel)             in language  on input line 364.
Package babel Info: Redefining russian shorthand "~
(babel)             in language  on input line 364.
 [25 <./inc/img/DNN-inst.png>]
<inc/img/cnn-first.png, id=546, 550.055pt x 615.29875pt>
File: inc/img/cnn-first.png Graphic file (type png)
<use inc/img/cnn-first.png>
Package pdftex.def Info: inc/img/cnn-first.png  used on input line 369.
(pdftex.def)             Requested size: 290.22107pt x 324.65154pt.
Package babel Info: Redefining russian shorthand "|
(babel)             in language  on input line 375.
Package babel Info: Redefining russian shorthand "~
(babel)             in language  on input line 375.
Package babel Info: Redefining russian shorthand "|
(babel)             in language  on input line 375.
Package babel Info: Redefining russian shorthand "~
(babel)             in language  on input line 375.
 [26 <./inc/img/cnn-first.png>]

LaTeX Warning: Command \cyrg invalid in math mode on input line 376.


LaTeX Warning: Command \cyro invalid in math mode on input line 376.

Missing character: There is no г in font cmr12!
Missing character: There is no о in font cmr12!
<inc/img/CNN.png, id=555, 1572.87625pt x 566.115pt>
File: inc/img/CNN.png Graphic file (type png)
<use inc/img/CNN.png>
Package pdftex.def Info: inc/img/CNN.png  used on input line 388.
(pdftex.def)             Requested size: 483.69687pt x 174.09444pt.
Package babel Info: Redefining russian shorthand "|
(babel)             in language  on input line 395.
Package babel Info: Redefining russian shorthand "~
(babel)             in language  on input line 395.
Package babel Info: Redefining russian shorthand "|
(babel)             in language  on input line 395.
Package babel Info: Redefining russian shorthand "~
(babel)             in language  on input line 395.
[27 <./inc/img/CNN.png>]
Package babel Info: Redefining russian shorthand "|
(babel)             in language  on input line 421.
Package babel Info: Redefining russian shorthand "~
(babel)             in language  on input line 421.
Package babel Info: Redefining russian shorthand "|
(babel)             in language  on input line 421.
Package babel Info: Redefining russian shorthand "~
(babel)             in language  on input line 421.
 [28]
Package babel Info: Redefining russian shorthand "|
(babel)             in language  on input line 436.
Package babel Info: Redefining russian shorthand "~
(babel)             in language  on input line 436.
<inc/img/rnn-simple.png, id=575, 622.325pt x 163.61125pt>
File: inc/img/rnn-simple.png Graphic file (type png)
<use inc/img/rnn-simple.png>
Package pdftex.def Info: inc/img/rnn-simple.png  used on input line 448.
(pdftex.def)             Requested size: 483.69687pt x 127.16687pt.
Package babel Info: Redefining russian shorthand "|
(babel)             in language  on input line 454.
Package babel Info: Redefining russian shorthand "~
(babel)             in language  on input line 454.
Package babel Info: Redefining russian shorthand "|
(babel)             in language  on input line 454.
Package babel Info: Redefining russian shorthand "~
(babel)             in language  on input line 454.
 [29 <./inc/img/rnn-simple.png>]
<inc/img/rdnn.png, id=586, 924.45375pt x 483.8075pt>
File: inc/img/rdnn.png Graphic file (type png)
<use inc/img/rdnn.png>
Package pdftex.def Info: inc/img/rdnn.png  used on input line 457.
(pdftex.def)             Requested size: 483.69687pt x 253.139pt.
Package babel Info: Redefining russian shorthand "|
(babel)             in language  on input line 464.
Package babel Info: Redefining russian shorthand "~
(babel)             in language  on input line 464.
Package babel Info: Redefining russian shorthand "|
(babel)             in language  on input line 469.
Package babel Info: Redefining russian shorthand "~
(babel)             in language  on input line 469.
Package babel Info: Redefining russian shorthand "|
(babel)             in language  on input line 469.
Package babel Info: Redefining russian shorthand "~
(babel)             in language  on input line 469.
 [30 <./inc/img/rdnn.png>]
Package babel Info: Redefining russian shorthand "|
(babel)             in language  on input line 503.
Package babel Info: Redefining russian shorthand "~
(babel)             in language  on input line 503.
Package babel Info: Redefining russian shorthand "|
(babel)             in language  on input line 503.
Package babel Info: Redefining russian shorthand "~
(babel)             in language  on input line 503.
 [31]
Package babel Info: Redefining russian shorthand "|
(babel)             in language  on input line 560.
Package babel Info: Redefining russian shorthand "~
(babel)             in language  on input line 560.
Package babel Info: Redefining russian shorthand "|
(babel)             in language  on input line 560.
Package babel Info: Redefining russian shorthand "~
(babel)             in language  on input line 560.
 [32]
Package babel Info: Redefining russian shorthand "|
(babel)             in language  on input line 589.
Package babel Info: Redefining russian shorthand "~
(babel)             in language  on input line 589.


LaTeX Warning: `h' float specifier changed to `ht'.

Package babel Info: Redefining russian shorthand "|
(babel)             in language  on input line 621.
Package babel Info: Redefining russian shorthand "~
(babel)             in language  on input line 621.
Package babel Info: Redefining russian shorthand "|
(babel)             in language  on input line 625.
Package babel Info: Redefining russian shorthand "~
(babel)             in language  on input line 625.
Package babel Info: Redefining russian shorthand "|
(babel)             in language  on input line 625.
Package babel Info: Redefining russian shorthand "~
(babel)             in language  on input line 625.
[33])
Package babel Info: Redefining russian shorthand "|
(babel)             in language  on input line 50.
Package babel Info: Redefining russian shorthand "~
(babel)             in language  on input line 50.
Package babel Info: Redefining russian shorthand "|
(babel)             in language  on input line 50.
Package babel Info: Redefining russian shorthand "~
(babel)             in language  on input line 50.
 [34]
Package babel Info: Redefining russian shorthand "|
(babel)             in language  on input line 50.
Package babel Info: Redefining russian shorthand "~
(babel)             in language  on input line 50.
Package babel Info: Redefining russian shorthand "|
(babel)             in language  on input line 50.
Package babel Info: Redefining russian shorthand "~
(babel)             in language  on input line 50.
 [35]
\openout2 = `30-design.aux'.

 (./30-design.tex
Package babel Info: Redefining russian shorthand "|
(babel)             in language  on input line 1.
Package babel Info: Redefining russian shorthand "~
(babel)             in language  on input line 1.
Package babel Info: Redefining russian shorthand "|
(babel)             in language  on input line 4.
Package babel Info: Redefining russian shorthand "~
(babel)             in language  on input line 4.
<inc/img/idef.png, id=646, 681.54625pt x 1393.205pt>
File: inc/img/idef.png Graphic file (type png)
<use inc/img/idef.png>
Package pdftex.def Info: inc/img/idef.png  used on input line 18.
(pdftex.def)             Requested size: 290.22107pt x 593.2629pt.
Package babel Info: Redefining russian shorthand "|
(babel)             in language  on input line 23.
Package babel Info: Redefining russian shorthand "~
(babel)             in language  on input line 23.
Package babel Info: Redefining russian shorthand "|
(babel)             in language  on input line 56.
Package babel Info: Redefining russian shorthand "~
(babel)             in language  on input line 56.
Package babel Info: Redefining russian shorthand "|
(babel)             in language  on input line 59.
Package babel Info: Redefining russian shorthand "~
(babel)             in language  on input line 59.
Package babel Info: Redefining russian shorthand "|
(babel)             in language  on input line 59.
Package babel Info: Redefining russian shorthand "~
(babel)             in language  on input line 59.
 [36



]
Package babel Info: Redefining russian shorthand "|
(babel)             in language  on input line 59.
Package babel Info: Redefining russian shorthand "~
(babel)             in language  on input line 59.
Package babel Info: Redefining russian shorthand "|
(babel)             in language  on input line 59.
Package babel Info: Redefining russian shorthand "~
(babel)             in language  on input line 59.
 [37 <./inc/img/idef.png>]
Package babel Info: Redefining russian shorthand "|
(babel)             in language  on input line 68.
Package babel Info: Redefining russian shorthand "~
(babel)             in language  on input line 68.
Package babel Info: Redefining russian shorthand "|
(babel)             in language  on input line 72.
Package babel Info: Redefining russian shorthand "~
(babel)             in language  on input line 72.
Package babel Info: Redefining russian shorthand "|
(babel)             in language  on input line 90.
Package babel Info: Redefining russian shorthand "~
(babel)             in language  on input line 90.
Package babel Info: Redefining russian shorthand "|
(babel)             in language  on input line 90.
Package babel Info: Redefining russian shorthand "~
(babel)             in language  on input line 90.
 [38]
<inc/img/drnn-design.png, id=673, 680.5425pt x 790.955pt>
File: inc/img/drnn-design.png Graphic file (type png)
<use inc/img/drnn-design.png>
Package pdftex.def Info: inc/img/drnn-design.png  used on input line 141.
(pdftex.def)             Requested size: 483.69687pt x 562.17337pt.
Package babel Info: Redefining russian shorthand "|
(babel)             in language  on input line 144.
Package babel Info: Redefining russian shorthand "~
(babel)             in language  on input line 144.
Package babel Info: Redefining russian shorthand "|
(babel)             in language  on input line 144.
Package babel Info: Redefining russian shorthand "~
(babel)             in language  on input line 144.
 [39]
Package babel Info: Redefining russian shorthand "|
(babel)             in language  on input line 149.
Package babel Info: Redefining russian shorthand "~
(babel)             in language  on input line 149.
Package babel Info: Redefining russian shorthand "|
(babel)             in language  on input line 165.
Package babel Info: Redefining russian shorthand "~
(babel)             in language  on input line 165.
Package babel Info: Redefining russian shorthand "|
(babel)             in language  on input line 169.
Package babel Info: Redefining russian shorthand "~
(babel)             in language  on input line 169.
Package babel Info: Redefining russian shorthand "|
(babel)             in language  on input line 179.
Package babel Info: Redefining russian shorthand "~
(babel)             in language  on input line 179.
Package babel Info: Redefining russian shorthand "|
(babel)             in language  on input line 182.
Package babel Info: Redefining russian shorthand "~
(babel)             in language  on input line 182.
Package babel Info: Redefining russian shorthand "|
(babel)             in language  on input line 182.
Package babel Info: Redefining russian shorthand "~
(babel)             in language  on input line 182.

[40]
Package babel Info: Redefining russian shorthand "|
(babel)             in language  on input line 182.
Package babel Info: Redefining russian shorthand "~
(babel)             in language  on input line 182.
Package babel Info: Redefining russian shorthand "|
(babel)             in language  on input line 182.
Package babel Info: Redefining russian shorthand "~
(babel)             in language  on input line 182.
 [41 <./inc/img/drnn-design.png>]
Package babel Info: Redefining russian shorthand "|
(babel)             in language  on input line 196.
Package babel Info: Redefining russian shorthand "~
(babel)             in language  on input line 196.
Package babel Info: Redefining russian shorthand "|
(babel)             in language  on input line 209.
Package babel Info: Redefining russian shorthand "~
(babel)             in language  on input line 209.
Package babel Info: Redefining russian shorthand "|
(babel)             in language  on input line 209.
Package babel Info: Redefining russian shorthand "~
(babel)             in language  on input line 209.
 [42]
Package babel Info: Redefining russian shorthand "|
(babel)             in language  on input line 215.
Package babel Info: Redefining russian shorthand "~
(babel)             in language  on input line 215.
)
Package babel Info: Redefining russian shorthand "|
(babel)             in language  on input line 51.
Package babel Info: Redefining russian shorthand "~
(babel)             in language  on input line 51.
Package babel Info: Redefining russian shorthand "|
(babel)             in language  on input line 51.
Package babel Info: Redefining russian shorthand "~
(babel)             in language  on input line 51.
 [43]
\openout2 = `40-impl.aux'.

 (./40-impl.tex
Package babel Info: Redefining russian shorthand "|
(babel)             in language  on input line 1.
Package babel Info: Redefining russian shorthand "~
(babel)             in language  on input line 1.
Package babel Info: Redefining russian shorthand "|
(babel)             in language  on input line 6.
Package babel Info: Redefining russian shorthand "~
(babel)             in language  on input line 6.
Package babel Info: Redefining russian shorthand "|
(babel)             in language  on input line 8.
Package babel Info: Redefining russian shorthand "~
(babel)             in language  on input line 8.
Package babel Info: Redefining russian shorthand "|
(babel)             in language  on input line 12.
Package babel Info: Redefining russian shorthand "~
(babel)             in language  on input line 12.
Package babel Info: Redefining russian shorthand "|
(babel)             in language  on input line 26.
Package babel Info: Redefining russian shorthand "~
(babel)             in language  on input line 26.
Package babel Info: Redefining russian shorthand "|
(babel)             in language  on input line 29.
Package babel Info: Redefining russian shorthand "~
(babel)             in language  on input line 29.
Package babel Info: Redefining russian shorthand "|
(babel)             in language  on input line 29.
Package babel Info: Redefining russian shorthand "~
(babel)             in language  on input line 29.
 [44



]
Package babel Info: Redefining russian shorthand "|
(babel)             in language  on input line 30.
Package babel Info: Redefining russian shorthand "~
(babel)             in language  on input line 30.
Package babel Info: Redefining russian shorthand "|
(babel)             in language  on input line 44.
Package babel Info: Redefining russian shorthand "~
(babel)             in language  on input line 44.
Package babel Info: Redefining russian shorthand "|
(babel)             in language  on input line 52.
Package babel Info: Redefining russian shorthand "~
(babel)             in language  on input line 52.
Package babel Info: Redefining russian shorthand "|
(babel)             in language  on input line 56.
Package babel Info: Redefining russian shorthand "~
(babel)             in language  on input line 56.
Package babel Info: Redefining russian shorthand "|
(babel)             in language  on input line 56.
Package babel Info: Redefining russian shorthand "~
(babel)             in language  on input line 56.
 [45]
Package babel Info: Redefining russian shorthand "|
(babel)             in language  on input line 71.
Package babel Info: Redefining russian shorthand "~
(babel)             in language  on input line 71.
<inc/img/train.png, id=722, 764.8575pt x 458.46281pt>
File: inc/img/train.png Graphic file (type png)
<use inc/img/train.png>
Package pdftex.def Info: inc/img/train.png  used on input line 77.
(pdftex.def)             Requested size: 483.69687pt x 289.9314pt.
<inc/img/run.png, id=723, 819.8128pt x 530.73282pt>
File: inc/img/run.png Graphic file (type png)
<use inc/img/run.png>
Package pdftex.def Info: inc/img/run.png  used on input line 84.
(pdftex.def)             Requested size: 483.69687pt x 313.14584pt.
Package babel Info: Redefining russian shorthand "|
(babel)             in language  on input line 89.
Package babel Info: Redefining russian shorthand "~
(babel)             in language  on input line 89.

Underfull \hbox (badness 3861) in paragraph at lines 102--103
[]|\T2A/cmr/m/n/14.4 Считывает оче^^?ред^^?ной wav-^^?файл
 []


Underfull \hbox (badness 2753) in paragraph at lines 104--105
[]|\T2A/cmr/m/n/14.4 Считывает size слу^^?чай^^?ных wav-^^?
 []


LaTeX Warning: `h' float specifier changed to `ht'.


LaTeX Warning: `h' float specifier changed to `ht'.

Package babel Info: Redefining russian shorthand "|
(babel)             in language  on input line 148.
Package babel Info: Redefining russian shorthand "~
(babel)             in language  on input line 148.
Package babel Info: Redefining russian shorthand "|
(babel)             in language  on input line 148.
Package babel Info: Redefining russian shorthand "~
(babel)             in language  on input line 148.
[46]
Package babel Info: Redefining russian shorthand "|
(babel)             in language  on input line 148.
Package babel Info: Redefining russian shorthand "~
(babel)             in language  on input line 148.
Package babel Info: Redefining russian shorthand "|
(babel)             in language  on input line 148.
Package babel Info: Redefining russian shorthand "~
(babel)             in language  on input line 148.
 [47 <./inc/img/train.png (PNG copy)> <./inc/img/run.png (PNG copy)>]

LaTeX Warning: `h' float specifier changed to `ht'.


LaTeX Warning: `h' float specifier changed to `ht'.


LaTeX Warning: `h' float specifier changed to `ht'.

Package babel Info: Redefining russian shorthand "|
(babel)             in language  on input line 209.
Package babel Info: Redefining russian shorthand "~
(babel)             in language  on input line 209.
Package babel Info: Redefining russian shorthand "|
(babel)             in language  on input line 209.
Package babel Info: Redefining russian shorthand "~
(babel)             in language  on input line 209.
[48]

LaTeX Warning: `h' float specifier changed to `ht'.


LaTeX Warning: `h' float specifier changed to `ht'.


LaTeX Warning: `h' float specifier changed to `ht'.


Underfull \hbox (badness 10000) in paragraph at lines 268--268
[]|\T2A/cmr/m/n/14.4 toSpectogram(signal, lenFrame,
 []


Underfull \hbox (badness 3724) in paragraph at lines 272--273
[]|\T2A/cmr/m/n/14.4 Фазовая со^^?став^^?ля^^?ю^^?щая спек^^?тро^^?
 []

Package babel Info: Redefining russian shorthand "|
(babel)             in language  on input line 280.
Package babel Info: Redefining russian shorthand "~
(babel)             in language  on input line 280.
Package babel Info: Redefining russian shorthand "|
(babel)             in language  on input line 280.
Package babel Info: Redefining russian shorthand "~
(babel)             in language  on input line 280.
[49]

LaTeX Warning: `h' float specifier changed to `ht'.

Package babel Info: Redefining russian shorthand "|
(babel)             in language  on input line 282.
Package babel Info: Redefining russian shorthand "~
(babel)             in language  on input line 282.
Package babel Info: Redefining russian shorthand "|
(babel)             in language  on input line 294.
Package babel Info: Redefining russian shorthand "~
(babel)             in language  on input line 294.
Package babel Info: Redefining russian shorthand "|
(babel)             in language  on input line 294.
Package babel Info: Redefining russian shorthand "~
(babel)             in language  on input line 294.
[50] (/usr/share/texlive/texmf-dist/tex/latex/listings/lstlang1.sty
File: lstlang1.sty 2015/06/04 1.6 listings language file
)
Package hyperref Info: bookmark level for unknown lstlisting defaults to 0 on i
nput line 297.

(/usr/share/texlive/texmf-dist/tex/latex/cyrillic/koi8-r.def
File: koi8-r.def 2014/10/28 v1.0d Input encoding file
)
(./inc/src/model.py)
Overfull \hbox (42.67912pt too wide) detected at line 300
[][] 
 []

Package babel Info: Redefining russian shorthand "|
(babel)             in language  on input line 303.
Package babel Info: Redefining russian shorthand "~
(babel)             in language  on input line 303.
Package babel Info: Redefining russian shorthand "|
(babel)             in language  on input line 303.
Package babel Info: Redefining russian shorthand "~
(babel)             in language  on input line 303.
[51]
Underfull \hbox (badness 10000) in paragraph at lines 305--306
[]\T2A/cmr/m/n/14.4 Для опи^^?са^^?ния гра^^?фа обыч^^?ных сло^^?ев ис^^?поль^^
?зу^^?ет^^?ся функ^^?ция
 []

Package babel Info: Redefining russian shorthand "|
(babel)             in language  on input line 307.
Package babel Info: Redefining russian shorthand "~
(babel)             in language  on input line 307.
Package babel Info: Redefining russian shorthand "|
(babel)             in language  on input line 307.
Package babel Info: Redefining russian shorthand "~
(babel)             in language  on input line 307.
[52] (/usr/share/texlive/texmf-dist/tex/latex/cyrillic/koi8-r.def
File: koi8-r.def 2014/10/28 v1.0d Input encoding file
)
(./inc/src/gen.py
LaTeX Font Info:    Font shape `OML/cmr/m/n' in size <5> not available
(Font)              Font shape `OML/cmm/m/it' tried instead on input line 9.
LaTeX Font Info:    Font shape `OMS/cmr/m/n' in size <5> not available
(Font)              Font shape `OMS/cmsy/m/n' tried instead on input line 9.
)
Overfull \hbox (42.67912pt too wide) detected at line 312
[][] 
 []

<inc/img/tensorboard-main.png, id=805, 984.67876pt x 882.29625pt>
File: inc/img/tensorboard-main.png Graphic file (type png)
<use inc/img/tensorboard-main.png>
Package pdftex.def Info: inc/img/tensorboard-main.png  used on input line 319.
(pdftex.def)             Requested size: 338.58632pt x 303.38283pt.
Package babel Info: Redefining russian shorthand "|
(babel)             in language  on input line 324.
Package babel Info: Redefining russian shorthand "~
(babel)             in language  on input line 324.
Package babel Info: Redefining russian shorthand "|
(babel)             in language  on input line 327.
Package babel Info: Redefining russian shorthand "~
(babel)             in language  on input line 327.
Package babel Info: Redefining russian shorthand "|
(babel)             in language  on input line 327.
Package babel Info: Redefining russian shorthand "~
(babel)             in language  on input line 327.
[53 <./inc/img/tensorboard-main.png>]
Package babel Info: Redefining russian shorthand "|
(babel)             in language  on input line 330.
Package babel Info: Redefining russian shorthand "~
(babel)             in language  on input line 330.
Package babel Info: Redefining russian shorthand "|
(babel)             in language  on input line 334.
Package babel Info: Redefining russian shorthand "~
(babel)             in language  on input line 334.

Underfull \hbox (badness 1253) in paragraph at lines 336--337
[]\T2A/cmr/m/n/14.4 Для обу^^?че^^?ния ней^^?рон^^?ной се^^?ти ис^^?поль^^?зу^^
?ет^^?ся на^^?бор дан^^?ных, путь
 []


Underfull \hbox (badness 1810) in paragraph at lines 336--337
\T2A/cmr/m/n/14.4 до ко^^?то^^?рых ука^^?зы^^?ва^^?ет^^?ся в по^^?ле $\OML/cmm/
m/it/14.4 DATA[]PATH$ \T2A/cmr/m/n/14.4 клас^^?са кон^^?фи^^?гу^^?ра^^?ции
 []


Underfull \hbox (badness 10000) in paragraph at lines 345--346
[]\T2A/cmr/m/n/14.4 Файлы гра^^?фи^^?ков про^^?цес^^?са обу^^?че^^?ния. За^^?да
^^?ют^^?ся па^^?ра^^?мет^^?ром
 []


Underfull \hbox (badness 5161) in paragraph at lines 345--346
\OML/cmm/m/it/14.4 GRAPH[]PATH$\T2A/cmr/m/n/14.4 . Для ви^^?зу^^?а^^?ли^^?за^^?
ции гра^^?фи^^?ков ис^^?поль^^?зу^^?ет^^?ся ути^^?ли^^?та
 []

Package babel Info: Redefining russian shorthand "|
(babel)             in language  on input line 351.
Package babel Info: Redefining russian shorthand "~
(babel)             in language  on input line 351.
Package babel Info: Redefining russian shorthand "|
(babel)             in language  on input line 351.
Package babel Info: Redefining russian shorthand "~
(babel)             in language  on input line 351.
[54]
Package babel Info: Redefining russian shorthand "|
(babel)             in language  on input line 355.
Package babel Info: Redefining russian shorthand "~
(babel)             in language  on input line 355.
<inc/img/prog-main.png, id=832, 642.4pt x 361.35pt>
File: inc/img/prog-main.png Graphic file (type png)
<use inc/img/prog-main.png>
Package pdftex.def Info: inc/img/prog-main.png  used on input line 365.
(pdftex.def)             Requested size: 386.95897pt x 217.67181pt.

Underfull \hbox (badness 2351) in paragraph at lines 376--377
[]\T2A/cmr/m/n/14.4 Полоса про^^?крут^^?ки. Уста^^?нав^^?ли^^?ва^^?ет мо^^?мент
 вос^^?про^^?из^^?ве^^?де^^?ния,
 []

Package babel Info: Redefining russian shorthand "|
(babel)             in language  on input line 378.
Package babel Info: Redefining russian shorthand "~
(babel)             in language  on input line 378.
Package babel Info: Redefining russian shorthand "|
(babel)             in language  on input line 378.
Package babel Info: Redefining russian shorthand "~
(babel)             in language  on input line 378.
[55 <./inc/img/prog-main.png>]
<inc/img/complete-window.png, id=844, 642.4pt x 361.35pt>
File: inc/img/complete-window.png Graphic file (type png)
<use inc/img/complete-window.png>
Package pdftex.def Info: inc/img/complete-window.png  used on input line 388.
(pdftex.def)             Requested size: 386.95897pt x 217.67181pt.
Package babel Info: Redefining russian shorthand "|
(babel)             in language  on input line 393.
Package babel Info: Redefining russian shorthand "~
(babel)             in language  on input line 393.

Underfull \hbox (badness 1184) in paragraph at lines 395--396
[]\T2A/cmr/m/n/14.4 На ос^^?но^^?ве со^^?здан^^?ной ар^^?хи^^?тек^^?ту^^?ры был
 раз^^?ра^^?бо^^?тан про^^?грамм^^?ный
 []

Package babel Info: Redefining russian shorthand "|
(babel)             in language  on input line 401.
Package babel Info: Redefining russian shorthand "~
(babel)             in language  on input line 401.
Package babel Info: Redefining russian shorthand "|
(babel)             in language  on input line 401.
Package babel Info: Redefining russian shorthand "~
(babel)             in language  on input line 401.
[56 <./inc/img/complete-window.png>])
Package babel Info: Redefining russian shorthand "|
(babel)             in language  on input line 52.
Package babel Info: Redefining russian shorthand "~
(babel)             in language  on input line 52.
Package babel Info: Redefining russian shorthand "|
(babel)             in language  on input line 52.
Package babel Info: Redefining russian shorthand "~
(babel)             in language  on input line 52.
 [57]
\openout2 = `50-research.aux'.

 (./50-research.tex
Package babel Info: Redefining russian shorthand "|
(babel)             in language  on input line 1.
Package babel Info: Redefining russian shorthand "~
(babel)             in language  on input line 1.
Package babel Info: Redefining russian shorthand "|
(babel)             in language  on input line 8.
Package babel Info: Redefining russian shorthand "~
(babel)             in language  on input line 8.
<inc/img/loss-dsd.png, id=861, 1429.34pt x 388.45125pt>
File: inc/img/loss-dsd.png Graphic file (type png)
<use inc/img/loss-dsd.png>
Package pdftex.def Info: inc/img/loss-dsd.png  used on input line 14.
(pdftex.def)             Requested size: 483.69687pt x 131.45523pt.
Package babel Info: Redefining russian shorthand "|
(babel)             in language  on input line 19.
Package babel Info: Redefining russian shorthand "~
(babel)             in language  on input line 19.
Package babel Info: Redefining russian shorthand "|
(babel)             in language  on input line 28.
Package babel Info: Redefining russian shorthand "~
(babel)             in language  on input line 28.
Package babel Info: Redefining russian shorthand "|
(babel)             in language  on input line 31.
Package babel Info: Redefining russian shorthand "~
(babel)             in language  on input line 31.
Package babel Info: Redefining russian shorthand "|
(babel)             in language  on input line 31.
Package babel Info: Redefining russian shorthand "~
(babel)             in language  on input line 31.
 [58



 <./inc/img/loss-dsd.png>]
Package babel Info: Redefining russian shorthand "|
(babel)             in language  on input line 67.
Package babel Info: Redefining russian shorthand "~
(babel)             in language  on input line 67.
Package babel Info: Redefining russian shorthand "|
(babel)             in language  on input line 71.
Package babel Info: Redefining russian shorthand "~
(babel)             in language  on input line 71.
Package babel Info: Redefining russian shorthand "|
(babel)             in language  on input line 71.
Package babel Info: Redefining russian shorthand "~
(babel)             in language  on input line 71.
 [59]
<inc/img/spec-voice-male.png, id=878, 766.865pt x 1081.03876pt>
File: inc/img/spec-voice-male.png Graphic file (type png)
<use inc/img/spec-voice-male.png>
Package pdftex.def Info: inc/img/spec-voice-male.png  used on input line 77.
(pdftex.def)             Requested size: 435.32422pt x 613.67471pt.
<inc/img/spec-music-male.png, id=879, 766.865pt x 1073.00874pt>
File: inc/img/spec-music-male.png Graphic file (type png)
<use inc/img/spec-music-male.png>
Package pdftex.def Info: inc/img/spec-music-male.png  used on input line 84.
(pdftex.def)             Requested size: 435.32422pt x 609.1163pt.
<inc/img/spec-voice-female.png, id=880, 768.8725pt x 1046.91125pt>
File: inc/img/spec-voice-female.png Graphic file (type png)
<use inc/img/spec-voice-female.png>
Package pdftex.def Info: inc/img/spec-voice-female.png  used on input line 91.
(pdftex.def)             Requested size: 435.32422pt x 592.75198pt.
<inc/img/spec-music-female.png, id=881, 768.8725pt x 1046.91125pt>
File: inc/img/spec-music-female.png Graphic file (type png)
<use inc/img/spec-music-female.png>
Package pdftex.def Info: inc/img/spec-music-female.png  used on input line 98.
(pdftex.def)             Requested size: 435.32422pt x 592.75198pt.
)
Package babel Info: Redefining russian shorthand "|
(babel)             in language  on input line 53.
Package babel Info: Redefining russian shorthand "~
(babel)             in language  on input line 53.
Package babel Info: Redefining russian shorthand "|
(babel)             in language  on input line 53.
Package babel Info: Redefining russian shorthand "~
(babel)             in language  on input line 53.
 [60]
Package babel Info: Redefining russian shorthand "|
(babel)             in language  on input line 53.
Package babel Info: Redefining russian shorthand "~
(babel)             in language  on input line 53.
Package babel Info: Redefining russian shorthand "|
(babel)             in language  on input line 53.
Package babel Info: Redefining russian shorthand "~
(babel)             in language  on input line 53.
 [61 <./inc/img/spec-voice-male.png>]
Package babel Info: Redefining russian shorthand "|
(babel)             in language  on input line 53.
Package babel Info: Redefining russian shorthand "~
(babel)             in language  on input line 53.
Package babel Info: Redefining russian shorthand "|
(babel)             in language  on input line 53.
Package babel Info: Redefining russian shorthand "~
(babel)             in language  on input line 53.
 [62 <./inc/img/spec-music-male.png>]
Package babel Info: Redefining russian shorthand "|
(babel)             in language  on input line 53.
Package babel Info: Redefining russian shorthand "~
(babel)             in language  on input line 53.
Package babel Info: Redefining russian shorthand "|
(babel)             in language  on input line 53.
Package babel Info: Redefining russian shorthand "~
(babel)             in language  on input line 53.
 [63 <./inc/img/spec-voice-female.png>]
Package babel Info: Redefining russian shorthand "|
(babel)             in language  on input line 53.
Package babel Info: Redefining russian shorthand "~
(babel)             in language  on input line 53.
Package babel Info: Redefining russian shorthand "|
(babel)             in language  on input line 53.
Package babel Info: Redefining russian shorthand "~
(babel)             in language  on input line 53.
 [64 <./inc/img/spec-music-female.png>]
\openout2 = `80-conclusion.aux'.

 (./80-conclusion.tex
Package babel Info: Redefining russian shorthand "|
(babel)             in language  on input line 1.
Package babel Info: Redefining russian shorthand "~
(babel)             in language  on input line 1.
)
Package babel Info: Redefining russian shorthand "|
(babel)             in language  on input line 58.
Package babel Info: Redefining russian shorthand "~
(babel)             in language  on input line 58.
Package babel Info: Redefining russian shorthand "|
(babel)             in language  on input line 58.
Package babel Info: Redefining russian shorthand "~
(babel)             in language  on input line 58.
 [65



]
\openout2 = `81-biblio.aux'.

 (./81-biblio.tex (./rpz.bbl
Package babel Info: Redefining russian shorthand "|
(babel)             in language  on input line 1.
Package babel Info: Redefining russian shorthand "~
(babel)             in language  on input line 1.
LaTeX Font Info:    Try loading font information for T2A+cmtt on input line 58.


(/usr/share/texlive/texmf-dist/tex/latex/cyrillic/t2acmtt.fd
File: t2acmtt.fd 2001/08/11 v1.0a Computer Modern Cyrillic font definitions
)
Underfull \hbox (badness 2334) in paragraph at lines 57--59
[]\T2A/cmr/m/n/14.4 Multiple chan^^?nel au^^?dio da^^?ta and WAVE files. [][]$\
T2A/cmtt/m/n/14.4 https : / / docs .
 []


Underfull \hbox (badness 10000) in paragraph at lines 57--59
\T2A/cmtt/m/n/14.4 microsoft . com / en-[]us / previous-[]versions / windows / 
hardware / design /
 []

Package babel Info: Redefining russian shorthand "|
(babel)             in language  on input line 91.
Package babel Info: Redefining russian shorthand "~
(babel)             in language  on input line 91.
Package babel Info: Redefining russian shorthand "|
(babel)             in language  on input line 91.
Package babel Info: Redefining russian shorthand "~
(babel)             in language  on input line 91.
[66



]
Underfull \hbox (badness 1478) in paragraph at lines 152--154
[]\T2A/cmr/m/n/14.4 Professionally-produced mu^^?sic record^^?ings. [][]$\T2A/c
mtt/m/n/14.4 https : / / sisec . inria .
 []

))
Package babel Info: Redefining russian shorthand "|
(babel)             in language  on input line 60.
Package babel Info: Redefining russian shorthand "~
(babel)             in language  on input line 60.
Package babel Info: Redefining russian shorthand "|
(babel)             in language  on input line 60.
Package babel Info: Redefining russian shorthand "~
(babel)             in language  on input line 60.
 [67]
Package atveryend Info: Empty hook `BeforeClearDocument' on input line 67.
Package atveryend Info: Empty hook `AfterLastShipout' on input line 67.
 (./rpz.aux (./00-abstract.aux) (./10-defines.aux) (./11-abbrev.aux)
(./12-intro.aux) (./20-analysis.aux) (./30-design.aux) (./40-impl.aux)
(./50-research.aux) (./80-conclusion.aux) (./81-biblio.aux))
Package atveryend Info: Executing hook `AtVeryEndDocument' on input line 67.
Package atveryend Info: Executing hook `AtEndAfterFileList' on input line 67.
Package rerunfilecheck Info: File `rpz.out' has not changed.
(rerunfilecheck)             Checksum: A5C119147E3AD31D92B225C40628F2FD;12134.


LaTeX Font Warning: Some font shapes were not available, defaults substituted.

Package atveryend Info: Empty hook `AtVeryVeryEnd' on input line 67.
 ) 
Here is how much of TeX's memory you used:
 28622 strings out of 492982
 483455 string characters out of 6134897
 599177 words of memory out of 5000000
 31242 multiletter control sequences out of 15000+600000
 14706 words of font info for 40 fonts, out of 8000000 for 9000
 1141 hyphenation exceptions out of 8191
 59i,18n,84p,2188b,1911s stack positions out of 5000i,500n,10000p,200000b,80000s
{/usr/share/texmf/fonts/enc/dvips/cm-super/cm-super-t2a.enc}</usr/share/texli
ve/texmf-dist/fonts/type1/public/amsfonts/cm/cmex10.pfb></usr/share/texlive/tex
mf-dist/fonts/type1/public/amsfonts/cm/cmmi10.pfb></usr/share/texlive/texmf-dis
t/fonts/type1/public/amsfonts/cm/cmmi12.pfb></usr/share/texlive/texmf-dist/font
s/type1/public/amsfonts/cm/cmr10.pfb></usr/share/texlive/texmf-dist/fonts/type1
/public/amsfonts/cm/cmr12.pfb></usr/share/texlive/texmf-dist/fonts/type1/public
/amsfonts/cm/cmsy10.pfb></usr/share/texlive/texmf-dist/fonts/type1/public/amsfo
nts/cm/cmsy7.pfb></usr/share/texlive/texmf-dist/fonts/type1/public/amsfonts/sym
bols/msam10.pfb></usr/share/texmf/fonts/type1/public/cm-super/sfbx1000.pfb></us
r/share/texmf/fonts/type1/public/cm-super/sfbx1440.pfb></usr/share/texmf/fonts/
type1/public/cm-super/sfbx1728.pfb></usr/share/texmf/fonts/type1/public/cm-supe
r/sfrm1000.pfb></usr/share/texmf/fonts/type1/public/cm-super/sfrm1440.pfb></usr
/share/texmf/fonts/type1/public/cm-super/sfti1000.pfb></usr/share/texmf/fonts/t
ype1/public/cm-super/sfti1440.pfb></usr/share/texmf/fonts/type1/public/cm-super
/sftt1440.pfb>
Output written on rpz.pdf (67 pages, 5885596 bytes).
PDF statistics:
 1054 PDF objects out of 1200 (max. 8388607)
 884 compressed objects within 9 object streams
 314 named destinations out of 1000 (max. 500000)
 659 words of extra memory for PDF output out of 10000 (max. 10000000)

